{22:01:05.823} INFO: [Game]   > System locale is 'En'
{22:01:07.414} INFO: [Game]   > Speech locale is 'En'
{22:01:08.267} INFO: [System] > Build version: 6.2015.0126.1708
{22:01:09.056} INFO: [System] > [PID] 8104
{22:01:09.519} INFO: [System] > [CPU] vendor: GenuineIntel, features: SSSE3 SSE4.1 SSE4.2 AVX CX16 POPCNT HTT, clock frequency: 2394.57MHz
{22:01:09.852} INFO: [System] > [CPU] CPUs: 1, Cores: 2, HT: Yes, Logical processors: 4
{22:01:10.091} INFO: [JobManager] > TMcb178e90, dedicated worker threads: 1 + 2, num cpus: 4
{22:01:10.272} INFO: [ODE]        > [ode::dInitialize] SSE path
{22:01:14.676} INFO: [Renderer]   > [r_Initialize] Loaded from rd3d11_x64_rwdi.dll.
{22:01:14.723} INFO: [Renderer]   > Enumerating D3D11 video adapters:
{22:01:14.923} INFO: [Renderer]   > Adapter 1: Microsoft Basic Render Driver 0MB/2019MB/0MB
{22:01:14.925} INFO: [Renderer]   |   Output 0: [0,0 - 1366,768] \\.\DISPLAY1
{22:01:14.930} INFO: [Renderer]   > Renderer started in DX11 mode.
{22:01:15.229} INFO: [Renderer]   > Renderer: supported display modes:
{22:01:15.378} INFO: [INFO]       > Texture streaming lowest priority distance set to 100m
{22:01:15.571} INFO: [Renderer]   > WindowOffset 0 0
{22:01:18.152} DEBG: [DXGI]       > WM_SIZE 0, 1366x759
{22:01:18.166} INFO: [INFO]       > CGame::AppWindowInit: window client area: 0x0, 1366x759
{22:01:18.172} DEBG: [DXGI]       > [RChangeDeviceState] 1366x768, fullscreen, 1000/1 Hz
{22:01:18.179} DEBG: [DXGI]       >                  was 0x0, fullscreen, 0/0 Hz
{22:01:18.266} DEBG: [DXGI]       > SetFullscreenState failed 0x887a0022
{22:01:18.270} INFO: [TexMgr]     > Max texture dimensions: 16384x16384x2048
{22:01:18.278} INFO: [MatMgr]     > Number of supported techniques: 61
{22:01:22.185} INFO: [MatMgr]     > Material pack 'optimized_dx11.mp' loaded.
{22:01:22.634} INFO: [INFO]       > Texture streaming buffer set to 400MB
{22:01:22.638} INFO: [INFO]       > >>>>> Audio init
{22:01:23.454} INFO: [ResPack]    > Free resource loading disabled
