{22:31:36.216} INFO: [Game]   > System locale is 'En'
{22:31:36.294} INFO: [Game]   > Speech locale is 'En'
{22:31:36.356} INFO: [System] > Build version: 6.2015.0126.1708
{22:31:36.419} INFO: [System] > [PID] 6916
{22:31:36.544} INFO: [System] > [CPU] vendor: GenuineIntel, features: SSSE3 SSE4.1 SSE4.2 AVX CX16 POPCNT HTT, clock frequency: 2394.57MHz
{22:31:36.606} INFO: [System] > [CPU] CPUs: 1, Cores: 2, HT: Yes, Logical processors: 4
{22:31:36.684} INFO: [JobManager] > TMb6269692, dedicated worker threads: 1 + 2, num cpus: 4
{22:31:36.762} INFO: [ODE]        > [ode::dInitialize] SSE path
{22:31:50.575} INFO: [Renderer]   > [r_Initialize] Loaded from rd3d11_x64_rwdi.dll.
{22:31:50.578} INFO: [Renderer]   > Enumerating D3D11 video adapters:
{22:31:50.670} INFO: [Renderer]   > Adapter 1: Microsoft Basic Render Driver 0MB/2019MB/0MB
{22:31:50.671} INFO: [Renderer]   |   Output 0: [0,0 - 1366,768] \\.\DISPLAY1
{22:31:50.743} INFO: [Renderer]   > Renderer started in DX11 mode.
{22:31:51.030} INFO: [Renderer]   > Renderer: supported display modes:
{22:31:51.059} INFO: [INFO]       > Texture streaming lowest priority distance set to 100m
{22:31:51.062} INFO: [Renderer]   > WindowOffset 0 0
{22:31:52.669} DEBG: [DXGI]       > WM_SIZE 0, 1366x759
{22:31:52.670} INFO: [INFO]       > CGame::AppWindowInit: window client area: 0x0, 1366x759
{22:31:52.696} DEBG: [DXGI]       > [RChangeDeviceState] 1366x768, windowed, 0/0 Hz
{22:31:52.699} DEBG: [DXGI]       >                  was 0x0, fullscreen, 0/0 Hz
{22:31:52.726} INFO: [TexMgr]     > Max texture dimensions: 16384x16384x2048
{22:31:52.883} INFO: [MatMgr]     > Number of supported techniques: 61
{22:31:53.907} INFO: [MatMgr]     > Material pack 'optimized_dx11.mp' loaded.
{22:31:54.223} INFO: [INFO]       > Texture streaming buffer set to 400MB
{22:31:54.229} INFO: [INFO]       > >>>>> Audio init
{22:31:55.043} INFO: [ResPack]    > Free resource loading disabled
{22:32:26.881} INFO: [INFO]       > [Input] Keyboard 0 enumerated: intance_name = Keyboard, product_name = Keyboard, GUID = {6f1d2b61-d5a0-11cf-bfc7-444553540000}
{22:32:26.884} INFO: [INFO]       > [CInput::SelectKeyboard] Keyboard 0 selected: Keyboard, Keyboard
{22:32:28.236} DEBG: [DXGI]       > WM_SIZE 0, 1366x759
{22:32:28.325} DEBG: [DXGI]       > [RWinOnWmSize] requested 1366x759
{22:32:28.327} DEBG: [DXGI]       > [RWinOnWmSize] swapchain was 1366x768 windowed
{22:32:28.334} DEBG: [DXGI]       > [RWinOnWmSize] swapchain changed to 1366x759 windowed
{22:32:30.589} INFO: [INFO]       > Bink filename: Intro_720p.bik
{22:32:40.967} INFO: [INFO]       > Bink filename: nvidia_alienware_LQ.bik
{22:32:53.395} INFO: [INFO]       > Bink filename: silence_video.bik
{22:32:58.938} ERRR: [Parser]     > Param 0 in function EnableExplosionDamage() is not a bool
{22:32:58.939} ERRR: [Parser]     > Param 0 in function EnableExplosionDamage() is not a bool
{22:33:03.767} INFO: [INFO]       > Bink filename: Intro_LQ.bik
{22:33:21.179} INFO: [MatMgr]     > Material pack 'optimized_DLC1_dx11.mp' loaded.
{22:33:36.942} DEBG: [DXGI]       > WM_SIZE 0, 1366x759
{22:33:37.000} DEBG: [DXGI]       > [RWinOnWmSize] requested 1366x759
{22:33:37.003} DEBG: [DXGI]       > [RWinOnWmSize] swapchain was 1366x759 windowed
{22:33:37.014} DEBG: [DXGI]       > [RWinOnWmSize] swapchain changed to 1366x759 windowed
{22:33:53.827} DEBG: [DXGI]       > WM_SIZE 0, 1366x759
{22:33:53.830} DEBG: [DXGI]       > [RWinOnWmSize] requested 1366x759
{22:33:53.850} DEBG: [DXGI]       > [RWinOnWmSize] swapchain was 1366x759 windowed
{22:33:53.852} DEBG: [DXGI]       > [RWinOnWmSize] swapchain changed to 1366x759 windowed
{22:34:00.529} DEBG: [DXGI]       > WM_SIZE 0, 1366x759
{22:34:00.534} DEBG: [DXGI]       > [RWinOnWmSize] requested 1366x759
{22:34:00.536} DEBG: [DXGI]       > [RWinOnWmSize] swapchain was 1366x759 windowed
{22:34:00.542} DEBG: [DXGI]       > [RWinOnWmSize] swapchain changed to 1366x759 windowed
{22:36:42.908} INFO: [INFO]       > Bink filename: Landing.bik
{22:37:38.665} INFO: [INFO]       > >>>>> Replicate start - local player with session <-1420488502>
{22:37:49.566} INFO: [INFO]       > >>>>> <-1420488502> Changing level from <> to <slums_interior>
{22:37:49.625} INFO: [INFO]       > >>>>> <-1420488502> Loading level <slums_interior>
{22:38:32.204} INFO: [INFO]       > >>>>> <-1420488502> Performing save - mode <FromQuests>
{22:38:32.850} INFO: [INFO]       > >>>>> <-1420488502> Performing save - mode <FromQuests>
{22:38:46.259} DEBG: [DXGI]       > WM_SIZE 0, 1366x759
{22:38:46.265} DEBG: [DXGI]       > [RWinOnWmSize] requested 1366x759
{22:38:46.266} DEBG: [DXGI]       > [RWinOnWmSize] swapchain was 1366x759 windowed
{22:38:46.269} DEBG: [DXGI]       > [RWinOnWmSize] swapchain changed to 1366x759 windowed
{22:39:12.460} DEBG: [DXGI]       > WM_SIZE 0, 1366x759
{22:39:12.465} DEBG: [DXGI]       > [RWinOnWmSize] requested 1366x759
{22:39:12.478} DEBG: [DXGI]       > [RWinOnWmSize] swapchain was 1366x759 windowed
{22:39:12.487} DEBG: [DXGI]       > [RWinOnWmSize] swapchain changed to 1366x759 windowed
{22:39:56.650} DEBG: [DXGI]       > WM_SIZE 0, 1366x759
{22:39:56.653} DEBG: [DXGI]       > [RWinOnWmSize] requested 1366x759
{22:39:56.654} DEBG: [DXGI]       > [RWinOnWmSize] swapchain was 1366x759 windowed
{22:39:56.657} DEBG: [DXGI]       > [RWinOnWmSize] swapchain changed to 1366x759 windowed
{22:40:34.408} INFO: [INFO]       > >>>>> <-1420488502> Performing save - mode <FromQuests>
{22:42:57.959} INFO: [INFO]       > >>>>> <-1420488502> Performing save - mode <FromQuests>
{22:43:20.522} DEBG: [DXGI]       > WM_SIZE 0, 1366x759
{22:43:20.526} DEBG: [DXGI]       > [RWinOnWmSize] requested 1366x759
{22:43:20.527} DEBG: [DXGI]       > [RWinOnWmSize] swapchain was 1366x759 windowed
{22:43:20.529} DEBG: [DXGI]       > [RWinOnWmSize] swapchain changed to 1366x759 windowed
{22:43:48.186} INFO: [INFO]       > >>>>> <-1420488502> Level OnDestroy <slums_interior>
{22:44:26.547} INFO: [INFO]       > ---------------------------------------------------------
{22:44:26.549} INFO: [INFO]       > Time of playing game: 770.056946s
{22:44:26.553} INFO: [INFO]       > Updated frames: 779 Rendered frames: 724
{22:44:26.555} INFO: [INFO]       > Average FPS: 0.940190
{22:44:26.556} INFO: [INFO]       > ---------------------------------------------------------
{22:44:27.864} ERRR: [ERRR]       > [CUITextureManager::Destroy] referenced texture definition 1 [file_name=<menu_buttons.dds> engine_id=<btn_cornerLT> script_id=<11> m_rRect=<0.000000,0.000000,58.000000,64.000000> m_iRefCount=1]
{22:44:27.867} ERRR: [ERRR]       > [CUITextureManager::Destroy] referenced texture definition 1 [file_name=<menu_frames.dds> engine_id=<btn_cornerLT_sel> script_id=<11> m_rRect=<0.000000,0.000000,64.000000,64.000000> m_iRefCount=1]
{22:44:27.868} ERRR: [ERRR]       > [CUITextureManager::Destroy] referenced texture definition 1 [file_name=<menu_buttons.dds> engine_id=<btn_cornerRT> script_id=<11> m_rRect=<199.000000,0.000000,256.000000,64.000000> m_iRefCount=1]
{22:44:27.871} ERRR: [ERRR]       > [CUITextureManager::Destroy] referenced texture definition 1 [file_name=<menu_frames.dds> engine_id=<btn_cornerRT_sel> script_id=<11> m_rRect=<192.000000,0.000000,256.000000,64.000000> m_iRefCount=1]
{22:44:27.872} ERRR: [ERRR]       > [CUITextureManager::Destroy] referenced texture definition 1 [file_name=<menu_buttons.dds> engine_id=<btn_top> script_id=<11> m_rRect=<58.000000,0.000000,198.000000,64.000000> m_iRefCount=1]
{22:44:27.875} ERRR: [ERRR]       > [CUITextureManager::Destroy] referenced texture definition 1 [file_name=<menu_frames.dds> engine_id=<btn_top_sel> script_id=<11> m_rRect=<64.000000,0.000000,191.000000,64.000000> m_iRefCount=1]
{22:44:29.086} ERRR: [ERRR]       > [CUITextureManager::Destroy] referenced texture definition 6 [file_name=<menu_buttons.dds> engine_id=<btn_cornerLT> script_id=<3> m_rRect=<0.000000,0.000000,58.000000,64.000000> m_iRefCount=6]
{22:44:29.088} ERRR: [ERRR]       > [CUITextureManager::Destroy] referenced texture definition 6 [file_name=<menu_frames.dds> engine_id=<btn_cornerLT_sel> script_id=<3> m_rRect=<0.000000,0.000000,64.000000,64.000000> m_iRefCount=6]
{22:44:29.091} ERRR: [ERRR]       > [CUITextureManager::Destroy] referenced texture definition 6 [file_name=<menu_buttons.dds> engine_id=<btn_cornerRT> script_id=<3> m_rRect=<199.000000,0.000000,256.000000,64.000000> m_iRefCount=6]
{22:44:29.093} ERRR: [ERRR]       > [CUITextureManager::Destroy] referenced texture definition 6 [file_name=<menu_frames.dds> engine_id=<btn_cornerRT_sel> script_id=<3> m_rRect=<192.000000,0.000000,256.000000,64.000000> m_iRefCount=6]
{22:44:29.094} ERRR: [ERRR]       > [CUITextureManager::Destroy] referenced texture definition 6 [file_name=<menu_buttons.dds> engine_id=<btn_top> script_id=<3> m_rRect=<58.000000,0.000000,198.000000,64.000000> m_iRefCount=6]
{22:44:29.096} ERRR: [ERRR]       > [CUITextureManager::Destroy] referenced texture definition 6 [file_name=<menu_frames.dds> engine_id=<btn_top_sel> script_id=<3> m_rRect=<64.000000,0.000000,191.000000,64.000000> m_iRefCount=6]
{22:45:19.359} INFO: [Renderer]   > [r_Shutdown] Dll released
