[0006.36] Log: Log file open, 03/23/20 17:17:41
[0006.36] DevMemory: Virtual  memory allocation size: 201.32 MByte (211103104 Bytes)
[0006.36] DevMemory: Physical memory allocation size: 208.50 MByte (218624000 Bytes)
[0241.63] DevMemory: Virtual  memory allocation size: 204.53 MByte (214469568 Bytes)
[0241.63] DevMemory: Physical memory allocation size: 223.62 MByte (234483712 Bytes)
[0983.37] Log: Command not recognized
[1863.41] Log: Float WorldDisplacementMultiplier set to 1.000000
[2031.85] Log: Float WorldDisplacementMultiplier set to 1.000000
[2271.35] DevMemory: Virtual  memory allocation size: 252.05 MByte (264296376 Bytes)
[2271.35] DevMemory: Physical memory allocation size: 376.68 MByte (394977280 Bytes)
[3104.01] Log: Float WorldDisplacementMultiplier set to 1.000000
[3104.47] Log: Float WorldDisplacementMultiplier set to 1.000000
[3693.23] Log: WARNING: [guid level name:Steel_A1_Static_LOD] Guid 0000DD69000000000000000000000000 isn't loaded yet for cross level reference [StaticMeshComponent Steel_A1_Static.TheWorld:PersistentLevel.StaticMeshCollectionActor_559.StaticMeshActor_SMC_2583:ReplacementPrimitive]
[3693.23] Log: WARNING: [guid level name:Steel_A1_Static_LOD] Guid 0000DD68000000000000000000000000 isn't loaded yet for cross level reference [StaticMeshComponent Steel_A1_Static.TheWorld:PersistentLevel.StaticMeshCollectionActor_559.StaticMeshActor_SMC_2614:ReplacementPrimitive]
[3693.23] Log: WARNING: [guid level name:Steel_A1_Static_LOD] Guid 0000DD67000000000000000000000000 isn't loaded yet for cross level reference [StaticMeshComponent Steel_A1_Static.TheWorld:PersistentLevel.StaticMeshCollectionActor_559.StaticMeshActor_SMC_2832:ReplacementPrimitive]
[3693.23] Log: WARNING: [guid level name:Steel_A1_Static_LOD] Guid 0000DD67000000000000000000000000 isn't loaded yet for cross level reference [StaticMeshComponent Steel_A1_Static.TheWorld:PersistentLevel.StaticMeshCollectionActor_559.StaticMeshActor_SMC_2837:ReplacementPrimitive]
[3693.24] Log: WARNING: [guid level name:Steel_A1_Static_LOD] Guid 0000DD67000000000000000000000000 isn't loaded yet for cross level reference [StaticMeshComponent Steel_A1_Static.TheWorld:PersistentLevel.StaticMeshCollectionActor_563.StaticMeshActor_SMC_1723:ReplacementPrimitive]
[3693.24] Log: WARNING: [guid level name:Steel_A1_Static_LOD] Guid 0000DD67000000000000000000000000 isn't loaded yet for cross level reference [StaticMeshComponent Steel_A1_Static.TheWorld:PersistentLevel.StaticMeshCollectionActor_563.StaticMeshActor_SMC_2305:ReplacementPrimitive]
[3693.24] Log: WARNING: [guid level name:Steel_A1_Static_LOD] Guid 0000DD67000000000000000000000000 isn't loaded yet for cross level reference [StaticMeshComponent Steel_A1_Static.TheWorld:PersistentLevel.StaticMeshCollectionActor_563.StaticMeshActor_SMC_2343:ReplacementPrimitive]
[3693.24] Log: WARNING: [guid level name:Steel_A1_Static_LOD] Guid 0000DD67000000000000000000000000 isn't loaded yet for cross level reference [StaticMeshComponent Steel_A1_Static.TheWorld:PersistentLevel.StaticMeshCollectionActor_563.StaticMeshActor_SMC_2344:ReplacementPrimitive]
[3693.24] Log: WARNING: [guid level name:Steel_A1_Static_LOD] Guid 0000DD67000000000000000000000000 isn't loaded yet for cross level reference [StaticMeshComponent Steel_A1_Static.TheWorld:PersistentLevel.StaticMeshCollectionActor_563.StaticMeshActor_SMC_2835:ReplacementPrimitive]
[3693.24] Log: WARNING: [guid level name:Steel_A1_Static_LOD] Guid 0000DD67000000000000000000000000 isn't loaded yet for cross level reference [StaticMeshComponent Steel_A1_Static.TheWorld:PersistentLevel.StaticMeshCollectionActor_563.StaticMeshActor_SMC_2890:ReplacementPrimitive]
[3693.24] Log: WARNING: [guid level name:Steel_A1_Static_LOD] Guid 0000DD67000000000000000000000000 isn't loaded yet for cross level reference [StaticMeshComponent Steel_A1_Static.TheWorld:PersistentLevel.StaticMeshCollectionActor_563.StaticMeshActor_SMC_2891:ReplacementPrimitive]
[3693.24] Log: WARNING: [guid level name:Steel_A1_Static_LOD] Guid 0000DD69000000000000000000000000 isn't loaded yet for cross level reference [StaticMeshComponent Steel_A1_Static.TheWorld:PersistentLevel.StaticMeshCollectionActor_564.StaticMeshActor_SMC_1477:ReplacementPrimitive]
[3693.24] Log: WARNING: [guid level name:Steel_A1_Static_LOD] Guid 0000DD68000000000000000000000000 isn't loaded yet for cross level reference [StaticMeshComponent Steel_A1_Static.TheWorld:PersistentLevel.StaticMeshCollectionActor_564.StaticMeshActor_SMC_1876:ReplacementPrimitive]
[3693.24] Log: WARNING: [guid level name:Steel_A1_Static_LOD] Guid 0000DD67000000000000000000000000 isn't loaded yet for cross level reference [StaticMeshComponent Steel_A1_Static.TheWorld:PersistentLevel.StaticMeshCollectionActor_564.StaticMeshActor_SMC_2346:ReplacementPrimitive]
[3693.24] Log: WARNING: [guid level name:Steel_A1_Static_LOD] Guid 0000DD67000000000000000000000000 isn't loaded yet for cross level reference [StaticMeshComponent Steel_A1_Static.TheWorld:PersistentLevel.StaticMeshCollectionActor_564.StaticMeshActor_SMC_2834:ReplacementPrimitive]
[3693.24] Log: WARNING: [guid level name:Steel_A1_Static_LOD] Guid 0000DD67000000000000000000000000 isn't loaded yet for cross level reference [StaticMeshComponent Steel_A1_Static.TheWorld:PersistentLevel.StaticMeshCollectionActor_564.StaticMeshActor_SMC_56:ReplacementPrimitive]
[3693.24] Log: WARNING: [guid level name:Steel_A1_Static_LOD] Guid 0000DD6B000000000000000000000000 isn't loaded yet for cross level reference [StaticMeshComponent Steel_A1_Static.TheWorld:PersistentLevel.StaticMeshCollectionActor_565.StaticMeshActor_SMC_2900:ReplacementPrimitive]
[3693.24] Log: WARNING: [guid level name:Steel_A1_Static_LOD] Guid 0000DD67000000000000000000000000 isn't loaded yet for cross level reference [StaticMeshComponent Steel_A1_Static.TheWorld:PersistentLevel.StaticMeshCollectionActor_566.StaticMeshActor_SMC_2341:ReplacementPrimitive]
[3693.24] Log: WARNING: [guid level name:Steel_A1_Static_LOD] Guid 0000DD69000000000000000000000000 isn't loaded yet for cross level reference [StaticMeshComponent Steel_A1_Static.TheWorld:PersistentLevel.StaticMeshCollectionActor_566.StaticMeshActor_SMC_2587:ReplacementPrimitive]
[3693.24] Log: WARNING: [guid level name:Steel_A1_Static_LOD] Guid 0000DD69000000000000000000000000 isn't loaded yet for cross level reference [StaticMeshComponent Steel_A1_Static.TheWorld:PersistentLevel.StaticMeshCollectionActor_566.StaticMeshActor_SMC_2592:ReplacementPrimitive]
[3693.24] Log: WARNING: [guid level name:Steel_A1_Static_LOD] Guid 0000DD69000000000000000000000000 isn't loaded yet for cross level reference [StaticMeshComponent Steel_A1_Static.TheWorld:PersistentLevel.StaticMeshCollectionActor_566.StaticMeshActor_SMC_2593:ReplacementPrimitive]
[3693.24] Log: WARNING: [guid level name:Steel_A1_Static_LOD] Guid 0000DD69000000000000000000000000 isn't loaded yet for cross level reference [StaticMeshComponent Steel_A1_Static.TheWorld:PersistentLevel.StaticMeshCollectionActor_566.StaticMeshActor_SMC_2600:ReplacementPrimitive]
[3693.24] Log: WARNING: [guid level name:Steel_A1_Static_LOD] Guid 0000DD68000000000000000000000000 isn't loaded yet for cross level reference [StaticMeshComponent Steel_A1_Static.TheWorld:PersistentLevel.StaticMeshCollectionActor_566.StaticMeshActor_SMC_2604:ReplacementPrimitive]
[3693.24] Log: WARNING: [guid level name:Steel_A1_Static_LOD] Guid 0000DD69000000000000000000000000 isn't loaded yet for cross level reference [StaticMeshComponent Steel_A1_Static.TheWorld:PersistentLevel.StaticMeshCollectionActor_566.StaticMeshActor_SMC_2605:ReplacementPrimitive]
[3693.24] Log: WARNING: [guid level name:Steel_A1_Static_LOD] Guid 0000DD69000000000000000000000000 isn't loaded yet for cross level reference [StaticMeshComponent Steel_A1_Static.TheWorld:PersistentLevel.StaticMeshCollectionActor_566.StaticMeshActor_SMC_2606:ReplacementPrimitive]
[3693.24] Log: WARNING: [guid level name:Steel_A1_Static_LOD] Guid 0000DD6D000000000000000000000000 isn't loaded yet for cross level reference [StaticMeshComponent Steel_A1_Static.TheWorld:PersistentLevel.StaticMeshCollectionActor_566.StaticMeshActor_SMC_491:ReplacementPrimitive]
[3693.24] Log: WARNING: [guid level name:Steel_A1_Static_LOD] Guid 0000DD67000000000000000000000000 isn't loaded yet for cross level reference [StaticMeshComponent Steel_A1_Static.TheWorld:PersistentLevel.StaticMeshCollectionActor_566.StaticMeshActor_SMC_506:ReplacementPrimitive]
[3693.24] Log: WARNING: [guid level name:Steel_A1_Static_LOD] Guid 0000DD67000000000000000000000000 isn't loaded yet for cross level reference [StaticMeshComponent Steel_A1_Static.TheWorld:PersistentLevel.StaticMeshCollectionActor_566.StaticMeshActor_SMC_578:ReplacementPrimitive]
[3693.24] Log: WARNING: [guid level name:Steel_A1_Static_LOD] Guid 0000DD68000000000000000000000000 isn't loaded yet for cross level reference [StaticMeshComponent Steel_A1_Static.TheWorld:PersistentLevel.StaticMeshCollectionActor_567.StaticMeshActor_SMC_1737:ReplacementPrimitive]
[3693.24] Log: WARNING: [guid level name:Steel_A1_Static_LOD] Guid 0000DD68000000000000000000000000 isn't loaded yet for cross level reference [StaticMeshComponent Steel_A1_Static.TheWorld:PersistentLevel.StaticMeshCollectionActor_567.StaticMeshActor_SMC_1877:ReplacementPrimitive]
[3693.24] Log: WARNING: [guid level name:Steel_A1_Static_LOD] Guid 0000DD69000000000000000000000000 isn't loaded yet for cross level reference [StaticMeshComponent Steel_A1_Static.TheWorld:PersistentLevel.StaticMeshCollectionActor_567.StaticMeshActor_SMC_2610:ReplacementPrimitive]
[3693.24] Log: WARNING: [guid level name:Steel_A1_Static_LOD] Guid 0000DD68000000000000000000000000 isn't loaded yet for cross level reference [StaticMeshComponent Steel_A1_Static.TheWorld:PersistentLevel.StaticMeshCollectionActor_567.StaticMeshActor_SMC_2740:ReplacementPrimitive]
[3693.24] Log: WARNING: [guid level name:Steel_A1_Static_LOD] Guid 0000DD67000000000000000000000000 isn't loaded yet for cross level reference [StaticMeshComponent Steel_A1_Static.TheWorld:PersistentLevel.StaticMeshCollectionActor_567.StaticMeshActor_SMC_2884:ReplacementPrimitive]
[3693.24] Log: WARNING: [guid level name:Steel_A1_Static_LOD] Guid 0000DD67000000000000000000000000 isn't loaded yet for cross level reference [StaticMeshComponent Steel_A1_Static.TheWorld:PersistentLevel.StaticMeshCollectionActor_568.StaticMeshActor_SMC_2304:ReplacementPrimitive]
[3693.24] Log: WARNING: [guid level name:Steel_A1_Static_LOD] Guid 0000DD69000000000000000000000000 isn't loaded yet for cross level reference [StaticMeshComponent Steel_A1_Static.TheWorld:PersistentLevel.StaticMeshCollectionActor_570.StaticMeshActor_SMC_2584:ReplacementPrimitive]
[3693.24] Log: WARNING: [guid level name:Steel_A1_Static_LOD] Guid 0000DD69000000000000000000000000 isn't loaded yet for cross level reference [StaticMeshComponent Steel_A1_Static.TheWorld:PersistentLevel.StaticMeshCollectionActor_570.StaticMeshActor_SMC_2585:ReplacementPrimitive]
[3693.24] Log: WARNING: [guid level name:Steel_A1_Static_LOD] Guid 0000DD69000000000000000000000000 isn't loaded yet for cross level reference [StaticMeshComponent Steel_A1_Static.TheWorld:PersistentLevel.StaticMeshCollectionActor_570.StaticMeshActor_SMC_2590:ReplacementPrimitive]
[3693.24] Log: WARNING: [guid level name:Steel_A1_Static_LOD] Guid 0000DD69000000000000000000000000 isn't loaded yet for cross level reference [StaticMeshComponent Steel_A1_Static.TheWorld:PersistentLevel.StaticMeshCollectionActor_570.StaticMeshActor_SMC_2599:ReplacementPrimitive]
[3693.24] Log: WARNING: [guid level name:Steel_A1_Static_LOD] Guid 0000DD69000000000000000000000000 isn't loaded yet for cross level reference [StaticMeshComponent Steel_A1_Static.TheWorld:PersistentLevel.StaticMeshCollectionActor_570.StaticMeshActor_SMC_2601:ReplacementPrimitive]
[3693.24] Log: WARNING: [guid level name:Steel_A1_Static_LOD] Guid 0000DD69000000000000000000000000 isn't loaded yet for cross level reference [StaticMeshComponent Steel_A1_Static.TheWorld:PersistentLevel.StaticMeshCollectionActor_570.StaticMeshActor_SMC_2603:ReplacementPrimitive]
[3693.24] Log: WARNING: [guid level name:Steel_A1_Static_LOD] Guid 0000DD69000000000000000000000000 isn't loaded yet for cross level reference [StaticMeshComponent Steel_A1_Static.TheWorld:PersistentLevel.StaticMeshCollectionActor_570.StaticMeshActor_SMC_2607:ReplacementPrimitive]
[3693.24] Log: WARNING: [guid level name:Steel_A1_Static_LOD] Guid 0000DD69000000000000000000000000 isn't loaded yet for cross level reference [StaticMeshComponent Steel_A1_Static.TheWorld:PersistentLevel.StaticMeshCollectionActor_570.StaticMeshActor_SMC_2608:ReplacementPrimitive]
[3693.24] Log: WARNING: [guid level name:Steel_A1_Static_LOD] Guid 0000DD69000000000000000000000000 isn't loaded yet for cross level reference [StaticMeshComponent Steel_A1_Static.TheWorld:PersistentLevel.StaticMeshCollectionActor_570.StaticMeshActor_SMC_2609:ReplacementPrimitive]
[3693.24] Log: WARNING: [guid level name:Steel_A1_Static_LOD] Guid 0000DD68000000000000000000000000 isn't loaded yet for cross level reference [StaticMeshComponent Steel_A1_Static.TheWorld:PersistentLevel.StaticMeshCollectionActor_570.StaticMeshActor_SMC_2612:ReplacementPrimitive]
[3693.24] Log: WARNING: [guid level name:Steel_A1_Static_LOD] Guid 0000DD68000000000000000000000000 isn't loaded yet for cross level reference [StaticMeshComponent Steel_A1_Static.TheWorld:PersistentLevel.StaticMeshCollectionActor_570.StaticMeshActor_SMC_411:ReplacementPrimitive]
[3693.24] Log: WARNING: [guid level name:Steel_A1_Static_LOD] Guid 0000DD68000000000000000000000000 isn't loaded yet for cross level reference [StaticMeshComponent Steel_A1_Static.TheWorld:PersistentLevel.StaticMeshCollectionActor_571.StaticMeshActor_SMC_2273:ReplacementPrimitive]
[3693.24] Log: WARNING: [guid level name:Steel_A1_Static_LOD] Guid 0000DD68000000000000000000000000 isn't loaded yet for cross level reference [StaticMeshComponent Steel_A1_Static.TheWorld:PersistentLevel.StaticMeshCollectionActor_571.StaticMeshActor_SMC_2316:ReplacementPrimitive]
[3693.28] Log: WARNING: [guid level name:Steel_A1_Static_LOD] Guid 0000DD68000000000000000000000000 isn't loaded yet for cross level reference [StaticMeshComponent Steel_A1_Static.TheWorld:PersistentLevel.StaticMeshCollectionActor_571.StaticMeshActor_SMC_742:ReplacementPrimitive]
[3693.28] Log: WARNING: [guid level name:Steel_A1_Static_LOD] Guid 0000DD68000000000000000000000000 isn't loaded yet for cross level reference [StaticMeshComponent Steel_A1_Static.TheWorld:PersistentLevel.StaticMeshCollectionActor_572.StaticMeshActor_SMC_2256:ReplacementPrimitive]
[3693.28] Log: WARNING: [guid level name:Steel_A1_Static_LOD] Guid 0000DD68000000000000000000000000 isn't loaded yet for cross level reference [StaticMeshComponent Steel_A1_Static.TheWorld:PersistentLevel.StaticMeshCollectionActor_572.StaticMeshActor_SMC_2267:ReplacementPrimitive]
[3693.28] Log: WARNING: [guid level name:Steel_A1_Static_LOD] Guid 0000DD68000000000000000000000000 isn't loaded yet for cross level reference [StaticMeshComponent Steel_A1_Static.TheWorld:PersistentLevel.StaticMeshCollectionActor_572.StaticMeshActor_SMC_2269:ReplacementPrimitive]
[3693.28] Log: WARNING: [guid level name:Steel_A1_Static_LOD] Guid 0000DD68000000000000000000000000 isn't loaded yet for cross level reference [StaticMeshComponent Steel_A1_Static.TheWorld:PersistentLevel.StaticMeshCollectionActor_572.StaticMeshActor_SMC_2270:ReplacementPrimitive]
[3693.28] Log: WARNING: [guid level name:Steel_A1_Static_LOD] Guid 0000DD68000000000000000000000000 isn't loaded yet for cross level reference [StaticMeshComponent Steel_A1_Static.TheWorld:PersistentLevel.StaticMeshCollectionActor_572.StaticMeshActor_SMC_2271:ReplacementPrimitive]
[3693.28] Log: WARNING: [guid level name:Steel_A1_Static_LOD] Guid 0000DD68000000000000000000000000 isn't loaded yet for cross level reference [StaticMeshComponent Steel_A1_Static.TheWorld:PersistentLevel.StaticMeshCollectionActor_572.StaticMeshActor_SMC_2450:ReplacementPrimitive]
[3693.28] Log: WARNING: [guid level name:Steel_A1_Static_LOD] Guid 0000DD68000000000000000000000000 isn't loaded yet for cross level reference [StaticMeshComponent Steel_A1_Static.TheWorld:PersistentLevel.StaticMeshCollectionActor_572.StaticMeshActor_SMC_2730:ReplacementPrimitive]
[3693.28] Log: WARNING: [guid level name:Steel_A1_Static_LOD] Guid 0000DD67000000000000000000000000 isn't loaded yet for cross level reference [StaticMeshComponent Steel_A1_Static.TheWorld:PersistentLevel.StaticMeshCollectionActor_573.StaticMeshActor_SMC_1164:ReplacementPrimitive]
[3693.28] Log: WARNING: [guid level name:Steel_A1_Static_LOD] Guid 0000DD67000000000000000000000000 isn't loaded yet for cross level reference [StaticMeshComponent Steel_A1_Static.TheWorld:PersistentLevel.StaticMeshCollectionActor_573.StaticMeshActor_SMC_2251:ReplacementPrimitive]
[3693.28] Log: WARNING: [guid level name:Steel_A1_Static_LOD] Guid 0000DD68000000000000000000000000 isn't loaded yet for cross level reference [StaticMeshComponent Steel_A1_Static.TheWorld:PersistentLevel.StaticMeshCollectionActor_573.StaticMeshActor_SMC_271:ReplacementPrimitive]
[3693.28] Log: WARNING: [guid level name:Steel_A1_Static_LOD] Guid 0000DD67000000000000000000000000 isn't loaded yet for cross level reference [StaticMeshComponent Steel_A1_Static.TheWorld:PersistentLevel.StaticMeshCollectionActor_574.StaticMeshActor_SMC_1161:ReplacementPrimitive]
[3693.28] Log: WARNING: [guid level name:Steel_A1_Static_LOD] Guid 0000DD67000000000000000000000000 isn't loaded yet for cross level reference [StaticMeshComponent Steel_A1_Static.TheWorld:PersistentLevel.StaticMeshCollectionActor_574.StaticMeshActor_SMC_1299:ReplacementPrimitive]
[3693.28] Log: WARNING: [guid level name:Steel_A1_Static_LOD] Guid 0000DD67000000000000000000000000 isn't loaded yet for cross level reference [StaticMeshComponent Steel_A1_Static.TheWorld:PersistentLevel.StaticMeshCollectionActor_574.StaticMeshActor_SMC_1336:ReplacementPrimitive]
[3693.28] Log: WARNING: [guid level name:Steel_A1_Static_LOD] Guid 0000DD68000000000000000000000000 isn't loaded yet for cross level reference [StaticMeshComponent Steel_A1_Static.TheWorld:PersistentLevel.StaticMeshCollectionActor_574.StaticMeshActor_SMC_1471:ReplacementPrimitive]
[3693.28] Log: WARNING: [guid level name:Steel_A1_Static_LOD] Guid 0000DD68000000000000000000000000 isn't loaded yet for cross level reference [StaticMeshComponent Steel_A1_Static.TheWorld:PersistentLevel.StaticMeshCollectionActor_574.StaticMeshActor_SMC_1552:ReplacementPrimitive]
[3693.28] Log: WARNING: [guid level name:Steel_A1_Static_LOD] Guid 0000DD68000000000000000000000000 isn't loaded yet for cross level reference [StaticMeshComponent Steel_A1_Static.TheWorld:PersistentLevel.StaticMeshCollectionActor_574.StaticMeshActor_SMC_1873:ReplacementPrimitive]
[3693.28] Log: WARNING: [guid level name:Steel_A1_Static_LOD] Guid 0000DD68000000000000000000000000 isn't loaded yet for cross level reference [StaticMeshComponent Steel_A1_Static.TheWorld:PersistentLevel.StaticMeshCollectionActor_574.StaticMeshActor_SMC_1874:ReplacementPrimitive]
[3693.28] Log: WARNING: [guid level name:Steel_A1_Static_LOD] Guid 0000DD68000000000000000000000000 isn't loaded yet for cross level reference [StaticMeshComponent Steel_A1_Static.TheWorld:PersistentLevel.StaticMeshCollectionActor_574.StaticMeshActor_SMC_1875:ReplacementPrimitive]
[3693.28] Log: WARNING: [guid level name:Steel_A1_Static_LOD] Guid 0000DD67000000000000000000000000 isn't loaded yet for cross level reference [StaticMeshComponent Steel_A1_Static.TheWorld:PersistentLevel.StaticMeshCollectionActor_574.StaticMeshActor_SMC_194:ReplacementPrimitive]
[3693.28] Log: WARNING: [guid level name:Steel_A1_Static_LOD] Guid 0000DD68000000000000000000000000 isn't loaded yet for cross level reference [StaticMeshComponent Steel_A1_Static.TheWorld:PersistentLevel.StaticMeshCollectionActor_574.StaticMeshActor_SMC_2064:ReplacementPrimitive]
[3693.28] Log: WARNING: [guid level name:Steel_A1_Static_LOD] Guid 0000DD67000000000000000000000000 isn't loaded yet for cross level reference [StaticMeshComponent Steel_A1_Static.TheWorld:PersistentLevel.StaticMeshCollectionActor_574.StaticMeshActor_SMC_229:ReplacementPrimitive]
[3693.28] Log: WARNING: [guid level name:Steel_A1_Static_LOD] Guid 0000DD67000000000000000000000000 isn't loaded yet for cross level reference [StaticMeshComponent Steel_A1_Static.TheWorld:PersistentLevel.StaticMeshCollectionActor_574.StaticMeshActor_SMC_2355:ReplacementPrimitive]
[3693.28] Log: WARNING: [guid level name:Steel_A1_Static_LOD] Guid 0000DD67000000000000000000000000 isn't loaded yet for cross level reference [StaticMeshComponent Steel_A1_Static.TheWorld:PersistentLevel.StaticMeshCollectionActor_574.StaticMeshActor_SMC_2357:ReplacementPrimitive]
[3693.28] Log: WARNING: [guid level name:Steel_A1_Static_LOD] Guid 0000DD67000000000000000000000000 isn't loaded yet for cross level reference [StaticMeshComponent Steel_A1_Static.TheWorld:PersistentLevel.StaticMeshCollectionActor_574.StaticMeshActor_SMC_54:ReplacementPrimitive]
[3693.28] Log: WARNING: [guid level name:Steel_A1_Static_LOD] Guid 0000DD67000000000000000000000000 isn't loaded yet for cross level reference [StaticMeshComponent Steel_A1_Static.TheWorld:PersistentLevel.StaticMeshCollectionActor_574.StaticMeshActor_SMC_641:ReplacementPrimitive]
[3693.28] Log: WARNING: [guid level name:Steel_A1_Static_LOD] Guid 0000DD68000000000000000000000000 isn't loaded yet for cross level reference [StaticMeshComponent Steel_A1_Static.TheWorld:PersistentLevel.StaticMeshCollectionActor_575.StaticMeshActor_SMC_1590:ReplacementPrimitive]
[3693.28] Log: WARNING: [guid level name:Steel_A1_Static_LOD] Guid 0000DD67000000000000000000000000 isn't loaded yet for cross level reference [StaticMeshComponent Steel_A1_Static.TheWorld:PersistentLevel.StaticMeshCollectionActor_575.StaticMeshActor_SMC_1719:ReplacementPrimitive]
[3693.28] Log: WARNING: [guid level name:Steel_A1_Static_LOD] Guid 0000DD68000000000000000000000000 isn't loaded yet for cross level reference [StaticMeshComponent Steel_A1_Static.TheWorld:PersistentLevel.StaticMeshCollectionActor_575.StaticMeshActor_SMC_2459:ReplacementPrimitive]
[3693.28] Log: WARNING: [guid level name:Steel_A1_Static_LOD] Guid 0000DD68000000000000000000000000 isn't loaded yet for cross level reference [StaticMeshComponent Steel_A1_Static.TheWorld:PersistentLevel.StaticMeshCollectionActor_575.StaticMeshActor_SMC_2509:ReplacementPrimitive]
[3693.28] Log: WARNING: [guid level name:Steel_A1_Static_LOD] Guid 0000DD67000000000000000000000000 isn't loaded yet for cross level reference [StaticMeshComponent Steel_A1_Static.TheWorld:PersistentLevel.StaticMeshCollectionActor_575.StaticMeshActor_SMC_2895:ReplacementPrimitive]
[3693.28] Log: WARNING: [guid level name:Steel_A1_Static_LOD] Guid 0000DD68000000000000000000000000 isn't loaded yet for cross level reference [StaticMeshComponent Steel_A1_Static.TheWorld:PersistentLevel.StaticMeshCollectionActor_575.StaticMeshActor_SMC_513:ReplacementPrimitive]
[3693.28] Log: WARNING: [guid level name:Steel_A1_Static_LOD] Guid 0000DD67000000000000000000000000 isn't loaded yet for cross level reference [StaticMeshComponent Steel_A1_Static.TheWorld:PersistentLevel.StaticMeshCollectionActor_575.StaticMeshActor_SMC_579:ReplacementPrimitive]
[3693.28] Log: WARNING: [guid level name:Steel_A1_Static_LOD] Guid 0000DD67000000000000000000000000 isn't loaded yet for cross level reference [StaticMeshComponent Steel_A1_Static.TheWorld:PersistentLevel.StaticMeshCollectionActor_575.StaticMeshActor_SMC_599:ReplacementPrimitive]
[3693.28] Log: WARNING: [guid level name:Steel_A1_Static_LOD] Guid 0000DD67000000000000000000000000 isn't loaded yet for cross level reference [StaticMeshComponent Steel_A1_Static.TheWorld:PersistentLevel.StaticMeshCollectionActor_576.StaticMeshActor_SMC_1722:ReplacementPrimitive]
[3693.28] Log: WARNING: [guid level name:Steel_A1_Static_LOD] Guid 0000DD67000000000000000000000000 isn't loaded yet for cross level reference [StaticMeshComponent Steel_A1_Static.TheWorld:PersistentLevel.StaticMeshCollectionActor_576.StaticMeshActor_SMC_1724:ReplacementPrimitive]
[3693.28] Log: WARNING: [guid level name:Steel_A1_Static_LOD] Guid 0000DD67000000000000000000000000 isn't loaded yet for cross level reference [StaticMeshComponent Steel_A1_Static.TheWorld:PersistentLevel.StaticMeshCollectionActor_576.StaticMeshActor_SMC_2057:ReplacementPrimitive]
[3693.28] Log: WARNING: [guid level name:Steel_A1_Static_LOD] Guid 0000DD67000000000000000000000000 isn't loaded yet for cross level reference [StaticMeshComponent Steel_A1_Static.TheWorld:PersistentLevel.StaticMeshCollectionActor_576.StaticMeshActor_SMC_2350:ReplacementPrimitive]
[3693.28] Log: WARNING: [guid level name:Steel_A1_Static_LOD] Guid 0000DD67000000000000000000000000 isn't loaded yet for cross level reference [StaticMeshComponent Steel_A1_Static.TheWorld:PersistentLevel.StaticMeshCollectionActor_576.StaticMeshActor_SMC_2351:ReplacementPrimitive]
[3693.28] Log: WARNING: [guid level name:Steel_A1_Static_LOD] Guid 0000DD67000000000000000000000000 isn't loaded yet for cross level reference [StaticMeshComponent Steel_A1_Static.TheWorld:PersistentLevel.StaticMeshCollectionActor_576.StaticMeshActor_SMC_2353:ReplacementPrimitive]
[3693.28] Log: WARNING: [guid level name:Steel_A1_Static_LOD] Guid 0000DD67000000000000000000000000 isn't loaded yet for cross level reference [StaticMeshComponent Steel_A1_Static.TheWorld:PersistentLevel.StaticMeshCollectionActor_576.StaticMeshActor_SMC_2359:ReplacementPrimitive]
[3693.28] Log: WARNING: [guid level name:Steel_A1_Static_LOD] Guid 0000DD67000000000000000000000000 isn't loaded yet for cross level reference [StaticMeshComponent Steel_A1_Static.TheWorld:PersistentLevel.StaticMeshCollectionActor_576.StaticMeshActor_SMC_2447:ReplacementPrimitive]
[3693.28] Log: WARNING: [guid level name:Steel_A1_Static_LOD] Guid 0000DD67000000000000000000000000 isn't loaded yet for cross level reference [StaticMeshComponent Steel_A1_Static.TheWorld:PersistentLevel.StaticMeshCollectionActor_576.StaticMeshActor_SMC_2448:ReplacementPrimitive]
[3693.28] Log: WARNING: [guid level name:Steel_A1_Static_LOD] Guid 0000DD67000000000000000000000000 isn't loaded yet for cross level reference [StaticMeshComponent Steel_A1_Static.TheWorld:PersistentLevel.StaticMeshCollectionActor_576.StaticMeshActor_SMC_2449:ReplacementPrimitive]
[3693.28] Log: WARNING: [guid level name:Steel_A1_Static_LOD] Guid 0000DD67000000000000000000000000 isn't loaded yet for cross level reference [StaticMeshComponent Steel_A1_Static.TheWorld:PersistentLevel.StaticMeshCollectionActor_576.StaticMeshActor_SMC_2894:ReplacementPrimitive]
[3693.28] Log: WARNING: [guid level name:Steel_A1_Static_LOD] Guid 0000DD67000000000000000000000000 isn't loaded yet for cross level reference [StaticMeshComponent Steel_A1_Static.TheWorld:PersistentLevel.StaticMeshCollectionActor_576.StaticMeshActor_SMC_2897:ReplacementPrimitive]
[3693.28] Log: WARNING: [guid level name:Steel_A1_Static_LOD] Guid 0000DD67000000000000000000000000 isn't loaded yet for cross level reference [StaticMeshComponent Steel_A1_Static.TheWorld:PersistentLevel.StaticMeshCollectionActor_576.StaticMeshActor_SMC_2898:ReplacementPrimitive]
[3693.28] Log: WARNING: [guid level name:Steel_A1_Static_LOD] Guid 0000DD67000000000000000000000000 isn't loaded yet for cross level reference [StaticMeshComponent Steel_A1_Static.TheWorld:PersistentLevel.StaticMeshCollectionActor_576.StaticMeshActor_SMC_621:ReplacementPrimitive]
[3693.28] Log: WARNING: [guid level name:Steel_A1_Static_LOD] Guid 0000DD67000000000000000000000000 isn't loaded yet for cross level reference [StaticMeshComponent Steel_A1_Static.TheWorld:PersistentLevel.StaticMeshCollectionActor_577.StaticMeshActor_SMC_1055:ReplacementPrimitive]
[3693.28] Log: WARNING: [guid level name:Steel_A1_Static_LOD] Guid 0000DD67000000000000000000000000 isn't loaded yet for cross level reference [StaticMeshComponent Steel_A1_Static.TheWorld:PersistentLevel.StaticMeshCollectionActor_577.StaticMeshActor_SMC_2140:ReplacementPrimitive]
[3693.28] Log: WARNING: [guid level name:Steel_A1_Static_LOD] Guid 0000DD67000000000000000000000000 isn't loaded yet for cross level reference [StaticMeshComponent Steel_A1_Static.TheWorld:PersistentLevel.StaticMeshCollectionActor_577.StaticMeshActor_SMC_2240:ReplacementPrimitive]
[3693.28] Log: WARNING: [guid level name:Steel_A1_Static_LOD] Guid 0000DD67000000000000000000000000 isn't loaded yet for cross level reference [StaticMeshComponent Steel_A1_Static.TheWorld:PersistentLevel.StaticMeshCollectionActor_577.StaticMeshActor_SMC_2250:ReplacementPrimitive]
[3693.28] Log: WARNING: [guid level name:Steel_A1_Static_LOD] Guid 0000DD67000000000000000000000000 isn't loaded yet for cross level reference [StaticMeshComponent Steel_A1_Static.TheWorld:PersistentLevel.StaticMeshCollectionActor_577.StaticMeshActor_SMC_2349:ReplacementPrimitive]
[3693.28] Log: WARNING: [guid level name:Steel_A1_Static_LOD] Guid 0000DD67000000000000000000000000 isn't loaded yet for cross level reference [StaticMeshComponent Steel_A1_Static.TheWorld:PersistentLevel.StaticMeshCollectionActor_577.StaticMeshActor_SMC_2444:ReplacementPrimitive]
[3693.28] Log: WARNING: [guid level name:Steel_A1_Static_LOD] Guid 0000DD67000000000000000000000000 isn't loaded yet for cross level reference [StaticMeshComponent Steel_A1_Static.TheWorld:PersistentLevel.StaticMeshCollectionActor_577.StaticMeshActor_SMC_2445:ReplacementPrimitive]
[3693.28] Log: WARNING: [guid level name:Steel_A1_Static_LOD] Guid 0000DD67000000000000000000000000 isn't loaded yet for cross level reference [StaticMeshComponent Steel_A1_Static.TheWorld:PersistentLevel.StaticMeshCollectionActor_577.StaticMeshActor_SMC_2446:ReplacementPrimitive]
[3693.28] Log: WARNING: [guid level name:Steel_A1_Static_LOD] Guid 0000DD67000000000000000000000000 isn't loaded yet for cross level reference [StaticMeshComponent Steel_A1_Static.TheWorld:PersistentLevel.StaticMeshCollectionActor_577.StaticMeshActor_SMC_2888:ReplacementPrimitive]
[3693.28] Log: WARNING: [guid level name:Steel_A1_Static_LOD] Guid 0000DD67000000000000000000000000 isn't loaded yet for cross level reference [StaticMeshComponent Steel_A1_Static.TheWorld:PersistentLevel.StaticMeshCollectionActor_577.StaticMeshActor_SMC_2889:ReplacementPrimitive]
[3693.28] Log: WARNING: [guid level name:Steel_A1_Static_LOD] Guid 0000DD67000000000000000000000000 isn't loaded yet for cross level reference [StaticMeshComponent Steel_A1_Static.TheWorld:PersistentLevel.StaticMeshCollectionActor_578.StaticMeshActor_SMC_1034:ReplacementPrimitive]
[3693.28] Log: WARNING: [guid level name:Steel_A1_Static_LOD] Guid 0000DD67000000000000000000000000 isn't loaded yet for cross level reference [StaticMeshComponent Steel_A1_Static.TheWorld:PersistentLevel.StaticMeshCollectionActor_578.StaticMeshActor_SMC_1352:ReplacementPrimitive]
[3693.28] Log: WARNING: [guid level name:Steel_A1_Static_LOD] Guid 0000DD6C000000000000000000000000 isn't loaded yet for cross level reference [StaticMeshComponent Steel_A1_Static.TheWorld:PersistentLevel.StaticMeshCollectionActor_578.StaticMeshActor_SMC_2221:ReplacementPrimitive]
[3693.28] Log: WARNING: [guid level name:Steel_A1_Static_LOD] Guid 0000DD67000000000000000000000000 isn't loaded yet for cross level reference [StaticMeshComponent Steel_A1_Static.TheWorld:PersistentLevel.StaticMeshCollectionActor_578.StaticMeshActor_SMC_2222:ReplacementPrimitive]
[3693.28] Log: WARNING: [guid level name:Steel_A1_Static_LOD] Guid 0000DD67000000000000000000000000 isn't loaded yet for cross level reference [StaticMeshComponent Steel_A1_Static.TheWorld:PersistentLevel.StaticMeshCollectionActor_578.StaticMeshActor_SMC_2232:ReplacementPrimitive]
[3693.28] Log: WARNING: [guid level name:Steel_A1_Static_LOD] Guid 0000DD67000000000000000000000000 isn't loaded yet for cross level reference [StaticMeshComponent Steel_A1_Static.TheWorld:PersistentLevel.StaticMeshCollectionActor_578.StaticMeshActor_SMC_2233:ReplacementPrimitive]
[3693.28] Log: WARNING: [guid level name:Steel_A1_Static_LOD] Guid 0000DD67000000000000000000000000 isn't loaded yet for cross level reference [StaticMeshComponent Steel_A1_Static.TheWorld:PersistentLevel.StaticMeshCollectionActor_578.StaticMeshActor_SMC_2248:ReplacementPrimitive]
[3693.28] Log: WARNING: [guid level name:Steel_A1_Static_LOD] Guid 0000DD67000000000000000000000000 isn't loaded yet for cross level reference [StaticMeshComponent Steel_A1_Static.TheWorld:PersistentLevel.StaticMeshCollectionActor_578.StaticMeshActor_SMC_2306:ReplacementPrimitive]
[3693.28] Log: WARNING: [guid level name:Steel_A1_Static_LOD] Guid 0000DD67000000000000000000000000 isn't loaded yet for cross level reference [StaticMeshComponent Steel_A1_Static.TheWorld:PersistentLevel.StaticMeshCollectionActor_578.StaticMeshActor_SMC_2731:ReplacementPrimitive]
[3693.28] Log: WARNING: [guid level name:Steel_A1_Static_LOD] Guid 0000DD67000000000000000000000000 isn't loaded yet for cross level reference [StaticMeshComponent Steel_A1_Static.TheWorld:PersistentLevel.StaticMeshCollectionActor_578.StaticMeshActor_SMC_571:ReplacementPrimitive]
[3693.28] Log: WARNING: [guid level name:Steel_A1_Static_LOD] Guid 0000DD67000000000000000000000000 isn't loaded yet for cross level reference [StaticMeshComponent Steel_A1_Static.TheWorld:PersistentLevel.StaticMeshCollectionActor_578.StaticMeshActor_SMC_934:ReplacementPrimitive]
[3693.28] Log: WARNING: [guid level name:Steel_A1_Static_LOD] Guid 0000DD67000000000000000000000000 isn't loaded yet for cross level reference [StaticMeshComponent Steel_A1_Static.TheWorld:PersistentLevel.StaticMeshCollectionActor_579.StaticMeshActor_SMC_1204:ReplacementPrimitive]
[3693.28] Log: WARNING: [guid level name:Steel_A1_Static_LOD] Guid 0000DD67000000000000000000000000 isn't loaded yet for cross level reference [StaticMeshComponent Steel_A1_Static.TheWorld:PersistentLevel.StaticMeshCollectionActor_579.StaticMeshActor_SMC_1580:ReplacementPrimitive]
[3693.28] Log: WARNING: [guid level name:Steel_A1_Static_LOD] Guid 0000DD67000000000000000000000000 isn't loaded yet for cross level reference [StaticMeshComponent Steel_A1_Static.TheWorld:PersistentLevel.StaticMeshCollectionActor_579.StaticMeshActor_SMC_210:ReplacementPrimitive]
[3693.28] Log: WARNING: [guid level name:Steel_A1_Static_LOD] Guid 0000DD67000000000000000000000000 isn't loaded yet for cross level reference [StaticMeshComponent Steel_A1_Static.TheWorld:PersistentLevel.StaticMeshCollectionActor_579.StaticMeshActor_SMC_236:ReplacementPrimitive]
[3693.28] Log: WARNING: [guid level name:Steel_A1_Static_LOD] Guid 0000DD67000000000000000000000000 isn't loaded yet for cross level reference [StaticMeshComponent Steel_A1_Static.TheWorld:PersistentLevel.StaticMeshCollectionActor_579.StaticMeshActor_SMC_240:ReplacementPrimitive]
[3693.28] Log: WARNING: [guid level name:Steel_A1_Static_LOD] Guid 0000DD67000000000000000000000000 isn't loaded yet for cross level reference [StaticMeshComponent Steel_A1_Static.TheWorld:PersistentLevel.StaticMeshCollectionActor_579.StaticMeshActor_SMC_244:ReplacementPrimitive]
[3693.28] Log: WARNING: [guid level name:Steel_A1_Static_LOD] Guid 0000DD67000000000000000000000000 isn't loaded yet for cross level reference [StaticMeshComponent Steel_A1_Static.TheWorld:PersistentLevel.StaticMeshCollectionActor_579.StaticMeshActor_SMC_257:ReplacementPrimitive]
[3693.28] Log: WARNING: [guid level name:Steel_A1_Static_LOD] Guid 0000DD67000000000000000000000000 isn't loaded yet for cross level reference [StaticMeshComponent Steel_A1_Static.TheWorld:PersistentLevel.StaticMeshCollectionActor_579.StaticMeshActor_SMC_2896:ReplacementPrimitive]
[3693.28] Log: WARNING: [guid level name:Steel_A1_Static_LOD] Guid 0000DD68000000000000000000000000 isn't loaded yet for cross level reference [StaticMeshComponent Steel_A1_Static.TheWorld:PersistentLevel.StaticMeshCollectionActor_579.StaticMeshActor_SMC_417:ReplacementPrimitive]
[3693.28] Log: WARNING: [guid level name:Steel_A1_Static_LOD] Guid 0000DD68000000000000000000000000 isn't loaded yet for cross level reference [StaticMeshComponent Steel_A1_Static.TheWorld:PersistentLevel.StaticMeshCollectionActor_579.StaticMeshActor_SMC_449:ReplacementPrimitive]
[3693.28] Log: WARNING: [guid level name:Steel_A1_Static_LOD] Guid 0000DD67000000000000000000000000 isn't loaded yet for cross level reference [StaticMeshComponent Steel_A1_Static.TheWorld:PersistentLevel.StaticMeshCollectionActor_579.StaticMeshActor_SMC_627:ReplacementPrimitive]
[3693.28] Log: WARNING: [guid level name:Steel_A1_Static_LOD] Guid 0000DD67000000000000000000000000 isn't loaded yet for cross level reference [StaticMeshComponent Steel_A1_Static.TheWorld:PersistentLevel.StaticMeshCollectionActor_579.StaticMeshActor_SMC_635:ReplacementPrimitive]
[3693.28] Log: WARNING: [guid level name:Steel_A1_Static_LOD] Guid 0000DD67000000000000000000000000 isn't loaded yet for cross level reference [StaticMeshComponent Steel_A1_Static.TheWorld:PersistentLevel.StaticMeshCollectionActor_579.StaticMeshActor_SMC_961:ReplacementPrimitive]
[3693.28] Log: WARNING: [guid level name:Steel_A1_Static_LOD] Guid 0000DD67000000000000000000000000 isn't loaded yet for cross level reference [StaticMeshComponent Steel_A1_Static.TheWorld:PersistentLevel.StaticMeshCollectionActor_579.StaticMeshActor_SMC_97:ReplacementPrimitive]
[3693.28] Log: WARNING: [guid level name:Steel_A1_Static_LOD] Guid 0000DD67000000000000000000000000 isn't loaded yet for cross level reference [StaticMeshComponent Steel_A1_Static.TheWorld:PersistentLevel.StaticMeshCollectionActor_580.StaticMeshActor_SMC_1220:ReplacementPrimitive]
[3693.28] Log: WARNING: [guid level name:Steel_A1_Static_LOD] Guid 0000DD67000000000000000000000000 isn't loaded yet for cross level reference [StaticMeshComponent Steel_A1_Static.TheWorld:PersistentLevel.StaticMeshCollectionActor_580.StaticMeshActor_SMC_1309:ReplacementPrimitive]
[3693.28] Log: WARNING: [guid level name:Steel_A1_Static_LOD] Guid 0000DD67000000000000000000000000 isn't loaded yet for cross level reference [StaticMeshComponent Steel_A1_Static.TheWorld:PersistentLevel.StaticMeshCollectionActor_580.StaticMeshActor_SMC_1469:ReplacementPrimitive]
[3693.28] Log: WARNING: [guid level name:Steel_A1_Static_LOD] Guid 0000DD67000000000000000000000000 isn't loaded yet for cross level reference [StaticMeshComponent Steel_A1_Static.TheWorld:PersistentLevel.StaticMeshCollectionActor_580.StaticMeshActor_SMC_1470:ReplacementPrimitive]
[3693.28] Log: WARNING: [guid level name:Steel_A1_Static_LOD] Guid 0000DD67000000000000000000000000 isn't loaded yet for cross level reference [StaticMeshComponent Steel_A1_Static.TheWorld:PersistentLevel.StaticMeshCollectionActor_580.StaticMeshActor_SMC_1673:ReplacementPrimitive]
[3693.28] Log: WARNING: [guid level name:Steel_A1_Static_LOD] Guid 0000DD67000000000000000000000000 isn't loaded yet for cross level reference [StaticMeshComponent Steel_A1_Static.TheWorld:PersistentLevel.StaticMeshCollectionActor_580.StaticMeshActor_SMC_2352:ReplacementPrimitive]
[3693.28] Log: WARNING: [guid level name:Steel_A1_Static_LOD] Guid 0000DD67000000000000000000000000 isn't loaded yet for cross level reference [StaticMeshComponent Steel_A1_Static.TheWorld:PersistentLevel.StaticMeshCollectionActor_580.StaticMeshActor_SMC_2358:ReplacementPrimitive]
[3693.28] Log: WARNING: [guid level name:Steel_A1_Static_LOD] Guid 0000DD67000000000000000000000000 isn't loaded yet for cross level reference [StaticMeshComponent Steel_A1_Static.TheWorld:PersistentLevel.StaticMeshCollectionActor_580.StaticMeshActor_SMC_2726:ReplacementPrimitive]
[3693.28] Log: WARNING: [guid level name:Steel_A1_Static_LOD] Guid 0000DD67000000000000000000000000 isn't loaded yet for cross level reference [StaticMeshComponent Steel_A1_Static.TheWorld:PersistentLevel.StaticMeshCollectionActor_580.StaticMeshActor_SMC_2729:ReplacementPrimitive]
[3693.28] Log: WARNING: [guid level name:Steel_A1_Static_LOD] Guid 0000DD67000000000000000000000000 isn't loaded yet for cross level reference [StaticMeshComponent Steel_A1_Static.TheWorld:PersistentLevel.StaticMeshCollectionActor_580.StaticMeshActor_SMC_9:ReplacementPrimitive]
[3693.28] Log: WARNING: [guid level name:Steel_A1_Static_LOD] Guid 0000DD67000000000000000000000000 isn't loaded yet for cross level reference [StaticMeshComponent Steel_A1_Static.TheWorld:PersistentLevel.StaticMeshCollectionActor_583.StaticMeshActor_SMC_2225:ReplacementPrimitive]
[3693.28] Log: WARNING: [guid level name:Steel_A1_Static_LOD] Guid 0000DD6B000000000000000000000000 isn't loaded yet for cross level reference [StaticMeshComponent Steel_A1_Static.TheWorld:PersistentLevel.StaticMeshCollectionActor_583.StaticMeshActor_SMC_519:ReplacementPrimitive]
[3693.28] Log: WARNING: [guid level name:Steel_A1_Static_LOD] Guid 0000DD67000000000000000000000000 isn't loaded yet for cross level reference [StaticMeshComponent Steel_A1_Static.TheWorld:PersistentLevel.StaticMeshCollectionActor_584.StaticMeshActor_SMC_1413:ReplacementPrimitive]
[3693.28] Log: WARNING: [guid level name:Steel_A1_Static_LOD] Guid 0000DD67000000000000000000000000 isn't loaded yet for cross level reference [StaticMeshComponent Steel_A1_Static.TheWorld:PersistentLevel.StaticMeshCollectionActor_584.StaticMeshActor_SMC_1419:ReplacementPrimitive]
[3693.28] Log: WARNING: [guid level name:Steel_A1_Static_LOD] Guid 0000DD67000000000000000000000000 isn't loaded yet for cross level reference [StaticMeshComponent Steel_A1_Static.TheWorld:PersistentLevel.StaticMeshCollectionActor_584.StaticMeshActor_SMC_1462:ReplacementPrimitive]
[3693.28] Log: WARNING: [guid level name:Steel_A1_Static_LOD] Guid 0000DD67000000000000000000000000 isn't loaded yet for cross level reference [StaticMeshComponent Steel_A1_Static.TheWorld:PersistentLevel.StaticMeshCollectionActor_584.StaticMeshActor_SMC_147:ReplacementPrimitive]
[3693.28] Log: WARNING: [guid level name:Steel_A1_Static_LOD] Guid 0000DD69000000000000000000000000 isn't loaded yet for cross level reference [StaticMeshComponent Steel_A1_Static.TheWorld:PersistentLevel.StaticMeshCollectionActor_584.StaticMeshActor_SMC_1508:ReplacementPrimitive]
[3693.28] Log: WARNING: [guid level name:Steel_A1_Static_LOD] Guid 0000DD67000000000000000000000000 isn't loaded yet for cross level reference [StaticMeshComponent Steel_A1_Static.TheWorld:PersistentLevel.StaticMeshCollectionActor_584.StaticMeshActor_SMC_1641:ReplacementPrimitive]
[3693.28] Log: WARNING: [guid level name:Steel_A1_Static_LOD] Guid 0000DD69000000000000000000000000 isn't loaded yet for cross level reference [StaticMeshComponent Steel_A1_Static.TheWorld:PersistentLevel.StaticMeshCollectionActor_584.StaticMeshActor_SMC_2741:ReplacementPrimitive]
[3693.28] Log: WARNING: [guid level name:Steel_A1_Static_LOD] Guid 0000DD68000000000000000000000000 isn't loaded yet for cross level reference [StaticMeshComponent Steel_A1_Static.TheWorld:PersistentLevel.StaticMeshCollectionActor_587.StaticMeshActor_SMC_338:ReplacementPrimitive]
[3693.28] Log: WARNING: [guid level name:Steel_A1_Static_LOD] Guid 0000DD68000000000000000000000000 isn't loaded yet for cross level reference [StaticMeshComponent Steel_A1_Static.TheWorld:PersistentLevel.StaticMeshCollectionActor_590.StaticMeshActor_SMC_337:ReplacementPrimitive]
[3693.28] Log: WARNING: [guid level name:Steel_A1_Static_LOD] Guid 0000DD68000000000000000000000000 isn't loaded yet for cross level reference [StaticMeshComponent Steel_A1_Static.TheWorld:PersistentLevel.StaticMeshCollectionActor_590.StaticMeshActor_SMC_822:ReplacementPrimitive]
[3693.28] Log: WARNING: [guid level name:Steel_A1_Static_LOD] Guid 0000DD69000000000000000000000000 isn't loaded yet for cross level reference [StaticMeshComponent Steel_A1_Static.TheWorld:PersistentLevel.StaticMeshCollectionActor_597.StaticMeshActor_SMC_357:ReplacementPrimitive]
[3693.29] Log: WARNING: [guid level name:Steel_A1_Static_LOD] Guid 0000DD6A000000000000000000000000 isn't loaded yet for cross level reference [StaticMeshComponent Steel_A1_Static.TheWorld:PersistentLevel.StaticMeshCollectionActor_600.StaticMeshActor_SMC_2141:ReplacementPrimitive]
[3693.29] Log: WARNING: [guid level name:Steel_A1_Static_LOD] Guid 0000DD68000000000000000000000000 isn't loaded yet for cross level reference [StaticMeshComponent Steel_A1_Static.TheWorld:PersistentLevel.StaticMeshCollectionActor_600.StaticMeshActor_SMC_2275:ReplacementPrimitive]
[3693.29] Log: WARNING: [guid level name:Steel_A1_Static_LOD] Guid 0000DD68000000000000000000000000 isn't loaded yet for cross level reference [StaticMeshComponent Steel_A1_Static.TheWorld:PersistentLevel.StaticMeshCollectionActor_601.StaticMeshActor_SMC_102:ReplacementPrimitive]
[3693.29] Log: WARNING: [guid level name:Steel_A1_Static_LOD] Guid 0000DD6A000000000000000000000000 isn't loaded yet for cross level reference [StaticMeshComponent Steel_A1_Static.TheWorld:PersistentLevel.StaticMeshCollectionActor_601.StaticMeshActor_SMC_2193:ReplacementPrimitive]
[3693.29] Log: WARNING: [guid level name:Steel_A1_Static_LOD] Guid 0000DD68000000000000000000000000 isn't loaded yet for cross level reference [StaticMeshComponent Steel_A1_Static.TheWorld:PersistentLevel.StaticMeshCollectionActor_601.StaticMeshActor_SMC_2226:ReplacementPrimitive]
[3693.29] Log: WARNING: [guid level name:Steel_A1_Static_LOD] Guid 0000DD68000000000000000000000000 isn't loaded yet for cross level reference [StaticMeshComponent Steel_A1_Static.TheWorld:PersistentLevel.StaticMeshCollectionActor_601.StaticMeshActor_SMC_2227:ReplacementPrimitive]
[3693.29] Log: WARNING: [guid level name:Steel_A1_Static_LOD] Guid 0000DD68000000000000000000000000 isn't loaded yet for cross level reference [StaticMeshComponent Steel_A1_Static.TheWorld:PersistentLevel.StaticMeshCollectionActor_601.StaticMeshActor_SMC_2243:ReplacementPrimitive]
[3693.29] Log: WARNING: [guid level name:Steel_A1_Static_LOD] Guid 0000DD6A000000000000000000000000 isn't loaded yet for cross level reference [StaticMeshComponent Steel_A1_Static.TheWorld:PersistentLevel.StaticMeshCollectionActor_601.StaticMeshActor_SMC_2245:ReplacementPrimitive]
[3693.32] Log: WARNING: [guid level name:Steel_A1_Static_LOD] Guid 0000DD68000000000000000000000000 isn't loaded yet for cross level reference [StaticMeshComponent Steel_A1_Static.TheWorld:PersistentLevel.StaticMeshCollectionActor_601.StaticMeshActor_SMC_2292:ReplacementPrimitive]
[3693.32] Log: WARNING: [guid level name:Steel_A1_Static_LOD] Guid 0000DD6D000000000000000000000000 isn't loaded yet for cross level reference [StaticMeshComponent Steel_A1_Static.TheWorld:PersistentLevel.StaticMeshCollectionActor_601.StaticMeshActor_SMC_2833:ReplacementPrimitive]
[3693.32] Log: WARNING: [guid level name:Steel_A1_Static_LOD] Guid 0000DD67000000000000000000000000 isn't loaded yet for cross level reference [StaticMeshComponent Steel_A1_Static.TheWorld:PersistentLevel.StaticMeshCollectionActor_601.StaticMeshActor_SMC_2838:ReplacementPrimitive]
[3693.32] Log: WARNING: [guid level name:Steel_A1_Static_LOD] Guid 0000DD67000000000000000000000000 isn't loaded yet for cross level reference [StaticMeshComponent Steel_A1_Static.TheWorld:PersistentLevel.StaticMeshCollectionActor_601.StaticMeshActor_SMC_876:ReplacementPrimitive]
[3693.33] Log: WARNING: [guid level name:Steel_A1_Static_LOD] Guid 0000DD68000000000000000000000000 isn't loaded yet for cross level reference [StaticMeshComponent Steel_A1_Static.TheWorld:PersistentLevel.StaticMeshCollectionActor_602.StaticMeshActor_SMC_689:ReplacementPrimitive]
[3693.33] Log: WARNING: [guid level name:Steel_A1_Static_LOD] Guid 0000DD68000000000000000000000000 isn't loaded yet for cross level reference [StaticMeshComponent Steel_A1_Static.TheWorld:PersistentLevel.StaticMeshCollectionActor_602.StaticMeshActor_SMC_699:ReplacementPrimitive]
[3693.33] Log: WARNING: [guid level name:Steel_A1_Static_LOD] Guid 0000DD68000000000000000000000000 isn't loaded yet for cross level reference [StaticMeshComponent Steel_A1_Static.TheWorld:PersistentLevel.StaticMeshCollectionActor_602.StaticMeshActor_SMC_701:ReplacementPrimitive]
[3693.33] Log: WARNING: [guid level name:Steel_A1_Static_LOD] Guid 0000DD68000000000000000000000000 isn't loaded yet for cross level reference [StaticMeshComponent Steel_A1_Static.TheWorld:PersistentLevel.StaticMeshCollectionActor_602.StaticMeshActor_SMC_714:ReplacementPrimitive]
[3693.33] Log: WARNING: [guid level name:Steel_A1_Static_LOD] Guid 0000DD67000000000000000000000000 isn't loaded yet for cross level reference [StaticMeshComponent Steel_A1_Static.TheWorld:PersistentLevel.StaticMeshCollectionActor_604.StaticMeshActor_SMC_2761:ReplacementPrimitive]
[3693.33] Log: WARNING: [guid level name:Steel_A1_Static_LOD] Guid 0000DD67000000000000000000000000 isn't loaded yet for cross level reference [StaticMeshComponent Steel_A1_Static.TheWorld:PersistentLevel.StaticMeshCollectionActor_604.StaticMeshActor_SMC_329:ReplacementPrimitive]
[3693.33] Log: WARNING: [guid level name:Steel_A1_Static_LOD] Guid 0000DD68000000000000000000000000 isn't loaded yet for cross level reference [StaticMeshComponent Steel_A1_Static.TheWorld:PersistentLevel.StaticMeshCollectionActor_605.StaticMeshActor_SMC_2215:ReplacementPrimitive]
[3693.33] Log: WARNING: [guid level name:Steel_A1_Static_LOD] Guid 0000DD68000000000000000000000000 isn't loaded yet for cross level reference [StaticMeshComponent Steel_A1_Static.TheWorld:PersistentLevel.StaticMeshCollectionActor_605.StaticMeshActor_SMC_2239:ReplacementPrimitive]
[3693.33] Log: WARNING: [guid level name:Steel_A1_Static_LOD] Guid 0000DD68000000000000000000000000 isn't loaded yet for cross level reference [StaticMeshComponent Steel_A1_Static.TheWorld:PersistentLevel.StaticMeshCollectionActor_606.StaticMeshActor_SMC_2018:ReplacementPrimitive]
[3693.33] Log: WARNING: [guid level name:Steel_A1_Static_LOD] Guid 0000DD68000000000000000000000000 isn't loaded yet for cross level reference [StaticMeshComponent Steel_A1_Static.TheWorld:PersistentLevel.StaticMeshCollectionActor_606.StaticMeshActor_SMC_2214:ReplacementPrimitive]
[3693.33] Log: WARNING: [guid level name:Steel_A1_Static_LOD] Guid 0000DD68000000000000000000000000 isn't loaded yet for cross level reference [StaticMeshComponent Steel_A1_Static.TheWorld:PersistentLevel.StaticMeshCollectionActor_606.StaticMeshActor_SMC_2458:ReplacementPrimitive]
[3693.33] Log: WARNING: [guid level name:Steel_A1_Static_LOD] Guid 0000DD68000000000000000000000000 isn't loaded yet for cross level reference [StaticMeshComponent Steel_A1_Static.TheWorld:PersistentLevel.StaticMeshCollectionActor_606.StaticMeshActor_SMC_878:ReplacementPrimitive]
[3693.33] Log: WARNING: [guid level name:Steel_A1_Static_LOD] Guid 0000DD67000000000000000000000000 isn't loaded yet for cross level reference [StaticMeshComponent Steel_A1_Static.TheWorld:PersistentLevel.StaticMeshCollectionActor_608.StaticMeshActor_SMC_865:ReplacementPrimitive]
[3693.33] Log: WARNING: [guid level name:Steel_A1_Static_LOD] Guid 0000DD68000000000000000000000000 isn't loaded yet for cross level reference [StaticMeshComponent Steel_A1_Static.TheWorld:PersistentLevel.StaticMeshCollectionActor_609.StaticMeshActor_SMC_2236:ReplacementPrimitive]
[3693.33] Log: WARNING: [guid level name:Steel_A1_Static_LOD] Guid 0000DD68000000000000000000000000 isn't loaded yet for cross level reference [StaticMeshComponent Steel_A1_Static.TheWorld:PersistentLevel.StaticMeshCollectionActor_609.StaticMeshActor_SMC_2241:ReplacementPrimitive]
[3693.33] Log: WARNING: [guid level name:Steel_A1_Static_LOD] Guid 0000DD68000000000000000000000000 isn't loaded yet for cross level reference [StaticMeshComponent Steel_A1_Static.TheWorld:PersistentLevel.StaticMeshCollectionActor_610.StaticMeshActor_SMC_2235:ReplacementPrimitive]
[3693.33] Log: WARNING: [guid level name:Steel_A1_Static_LOD] Guid 0000DD68000000000000000000000000 isn't loaded yet for cross level reference [StaticMeshComponent Steel_A1_Static.TheWorld:PersistentLevel.StaticMeshCollectionActor_610.StaticMeshActor_SMC_2238:ReplacementPrimitive]
[3693.33] Log: WARNING: [guid level name:Steel_A1_Static_LOD] Guid 0000DD68000000000000000000000000 isn't loaded yet for cross level reference [StaticMeshComponent Steel_A1_Static.TheWorld:PersistentLevel.StaticMeshCollectionActor_613.StaticMeshActor_SMC_1136:ReplacementPrimitive]
[3693.33] Log: WARNING: [guid level name:Steel_A1_Static_LOD] Guid 0000DD68000000000000000000000000 isn't loaded yet for cross level reference [StaticMeshComponent Steel_A1_Static.TheWorld:PersistentLevel.StaticMeshCollectionActor_614.StaticMeshActor_SMC_1883:ReplacementPrimitive]
[3693.33] Log: WARNING: [guid level name:Steel_A1_Static_LOD] Guid 0000DD68000000000000000000000000 isn't loaded yet for cross level reference [StaticMeshComponent Steel_A1_Static.TheWorld:PersistentLevel.StaticMeshCollectionActor_614.StaticMeshActor_SMC_2681:ReplacementPrimitive]
[3693.33] Log: WARNING: [guid level name:Steel_A1_Static_LOD] Guid 0000DD68000000000000000000000000 isn't loaded yet for cross level reference [StaticMeshComponent Steel_A1_Static.TheWorld:PersistentLevel.StaticMeshCollectionActor_614.StaticMeshActor_SMC_2682:ReplacementPrimitive]
[3693.33] Log: WARNING: [guid level name:Steel_A1_Static_LOD] Guid 0000DD68000000000000000000000000 isn't loaded yet for cross level reference [StaticMeshComponent Steel_A1_Static.TheWorld:PersistentLevel.StaticMeshCollectionActor_614.StaticMeshActor_SMC_2683:ReplacementPrimitive]
[3693.33] Log: WARNING: [guid level name:Steel_A1_Static_LOD] Guid 0000DD68000000000000000000000000 isn't loaded yet for cross level reference [StaticMeshComponent Steel_A1_Static.TheWorld:PersistentLevel.StaticMeshCollectionActor_614.StaticMeshActor_SMC_29:ReplacementPrimitive]
[3693.33] Log: WARNING: [guid level name:Steel_A1_Static_LOD] Guid 0000DD68000000000000000000000000 isn't loaded yet for cross level reference [StaticMeshComponent Steel_A1_Static.TheWorld:PersistentLevel.StaticMeshCollectionActor_615.StaticMeshActor_SMC_1456:ReplacementPrimitive]
[3693.33] Log: WARNING: [guid level name:Steel_A1_Static_LOD] Guid 0000DD67000000000000000000000000 isn't loaded yet for cross level reference [StaticMeshComponent Steel_A1_Static.TheWorld:PersistentLevel.StaticMeshCollectionActor_615.StaticMeshActor_SMC_2265:ReplacementPrimitive]
[3693.33] Log: WARNING: [guid level name:Steel_A1_Static_LOD] Guid 0000DD67000000000000000000000000 isn't loaded yet for cross level reference [StaticMeshComponent Steel_A1_Static.TheWorld:PersistentLevel.StaticMeshCollectionActor_615.StaticMeshActor_SMC_2576:ReplacementPrimitive]
[3693.33] Log: WARNING: [guid level name:Steel_A1_Static_LOD] Guid 0000DD67000000000000000000000000 isn't loaded yet for cross level reference [StaticMeshComponent Steel_A1_Static.TheWorld:PersistentLevel.StaticMeshCollectionActor_615.StaticMeshActor_SMC_2577:ReplacementPrimitive]
[3693.33] Log: WARNING: [guid level name:Steel_A1_Static_LOD] Guid 0000DD67000000000000000000000000 isn't loaded yet for cross level reference [StaticMeshComponent Steel_A1_Static.TheWorld:PersistentLevel.StaticMeshCollectionActor_615.StaticMeshActor_SMC_2633:ReplacementPrimitive]
[3693.33] Log: WARNING: [guid level name:Steel_A1_Static_LOD] Guid 0000DD67000000000000000000000000 isn't loaded yet for cross level reference [StaticMeshComponent Steel_A1_Static.TheWorld:PersistentLevel.StaticMeshCollectionActor_615.StaticMeshActor_SMC_2634:ReplacementPrimitive]
[3693.33] Log: WARNING: [guid level name:Steel_A1_Static_LOD] Guid 0000DD67000000000000000000000000 isn't loaded yet for cross level reference [StaticMeshComponent Steel_A1_Static.TheWorld:PersistentLevel.StaticMeshCollectionActor_615.StaticMeshActor_SMC_2635:ReplacementPrimitive]
[3693.33] Log: WARNING: [guid level name:Steel_A1_Static_LOD] Guid 0000DD68000000000000000000000000 isn't loaded yet for cross level reference [StaticMeshComponent Steel_A1_Static.TheWorld:PersistentLevel.StaticMeshCollectionActor_616.StaticMeshActor_SMC_1731:ReplacementPrimitive]
[3693.33] Log: WARNING: [guid level name:Steel_A1_Static_LOD] Guid 0000DD68000000000000000000000000 isn't loaded yet for cross level reference [StaticMeshComponent Steel_A1_Static.TheWorld:PersistentLevel.StaticMeshCollectionActor_617.StaticMeshActor_SMC_2615:ReplacementPrimitive]
[3693.33] Log: WARNING: [guid level name:Steel_A1_Static_LOD] Guid 0000DD68000000000000000000000000 isn't loaded yet for cross level reference [StaticMeshComponent Steel_A1_Static.TheWorld:PersistentLevel.StaticMeshCollectionActor_617.StaticMeshActor_SMC_2680:ReplacementPrimitive]
[3693.33] Log: WARNING: [guid level name:Steel_A1_Static_LOD] Guid 0000DD68000000000000000000000000 isn't loaded yet for cross level reference [StaticMeshComponent Steel_A1_Static.TheWorld:PersistentLevel.StaticMeshCollectionActor_617.StaticMeshActor_SMC_53:ReplacementPrimitive]
[3693.33] Log: WARNING: [guid level name:Steel_A1_Static_LOD] Guid 0000DD68000000000000000000000000 isn't loaded yet for cross level reference [StaticMeshComponent Steel_A1_Static.TheWorld:PersistentLevel.StaticMeshCollectionActor_618.StaticMeshActor_SMC_1960:ReplacementPrimitive]
[3693.33] Log: WARNING: [guid level name:Steel_A1_Static_LOD] Guid 0000DD68000000000000000000000000 isn't loaded yet for cross level reference [StaticMeshComponent Steel_A1_Static.TheWorld:PersistentLevel.StaticMeshCollectionActor_618.StaticMeshActor_SMC_2173:ReplacementPrimitive]
[3693.33] Log: WARNING: [guid level name:Steel_A1_Static_LOD] Guid 0000DD68000000000000000000000000 isn't loaded yet for cross level reference [StaticMeshComponent Steel_A1_Static.TheWorld:PersistentLevel.StaticMeshCollectionActor_620.StaticMeshActor_SMC_1717:ReplacementPrimitive]
[3693.33] Log: WARNING: [guid level name:Steel_A1_Static_LOD] Guid 0000DD68000000000000000000000000 isn't loaded yet for cross level reference [StaticMeshComponent Steel_A1_Static.TheWorld:PersistentLevel.StaticMeshCollectionActor_621.StaticMeshActor_SMC_1270:ReplacementPrimitive]
[3693.33] Log: WARNING: [guid level name:Steel_A1_Static_LOD] Guid 0000DD68000000000000000000000000 isn't loaded yet for cross level reference [StaticMeshComponent Steel_A1_Static.TheWorld:PersistentLevel.StaticMeshCollectionActor_621.StaticMeshActor_SMC_2502:ReplacementPrimitive]
[3693.33] Log: WARNING: [guid level name:Steel_A1_Static_LOD] Guid 0000DD68000000000000000000000000 isn't loaded yet for cross level reference [StaticMeshComponent Steel_A1_Static.TheWorld:PersistentLevel.StaticMeshCollectionActor_621.StaticMeshActor_SMC_2503:ReplacementPrimitive]
[3693.33] Log: WARNING: [guid level name:Steel_A1_Static_LOD] Guid 0000DD68000000000000000000000000 isn't loaded yet for cross level reference [StaticMeshComponent Steel_A1_Static.TheWorld:PersistentLevel.StaticMeshCollectionActor_621.StaticMeshActor_SMC_2504:ReplacementPrimitive]
[3693.33] Log: WARNING: [guid level name:Steel_A1_Static_LOD] Guid 0000DD68000000000000000000000000 isn't loaded yet for cross level reference [StaticMeshComponent Steel_A1_Static.TheWorld:PersistentLevel.StaticMeshCollectionActor_621.StaticMeshActor_SMC_259:ReplacementPrimitive]
[3693.33] Log: WARNING: [guid level name:Steel_A1_Static_LOD] Guid 0000DD68000000000000000000000000 isn't loaded yet for cross level reference [StaticMeshComponent Steel_A1_Static.TheWorld:PersistentLevel.StaticMeshCollectionActor_624.StaticMeshActor_SMC_110:ReplacementPrimitive]
[3693.33] Log: WARNING: [guid level name:Steel_A1_Static_LOD] Guid 0000DD68000000000000000000000000 isn't loaded yet for cross level reference [StaticMeshComponent Steel_A1_Static.TheWorld:PersistentLevel.StaticMeshCollectionActor_624.StaticMeshActor_SMC_134:ReplacementPrimitive]
[3693.33] Log: WARNING: [guid level name:Steel_A1_Static_LOD] Guid 0000DD68000000000000000000000000 isn't loaded yet for cross level reference [StaticMeshComponent Steel_A1_Static.TheWorld:PersistentLevel.StaticMeshCollectionActor_624.StaticMeshActor_SMC_153:ReplacementPrimitive]
[3693.33] Log: WARNING: [guid level name:Steel_A1_Static_LOD] Guid 0000DD68000000000000000000000000 isn't loaded yet for cross level reference [StaticMeshComponent Steel_A1_Static.TheWorld:PersistentLevel.StaticMeshCollectionActor_624.StaticMeshActor_SMC_1675:ReplacementPrimitive]
[3693.33] Log: WARNING: [guid level name:Steel_A1_Static_LOD] Guid 0000DD68000000000000000000000000 isn't loaded yet for cross level reference [StaticMeshComponent Steel_A1_Static.TheWorld:PersistentLevel.StaticMeshCollectionActor_624.StaticMeshActor_SMC_2169:ReplacementPrimitive]
[3693.33] Log: WARNING: [guid level name:Steel_A1_Static_LOD] Guid 0000DD68000000000000000000000000 isn't loaded yet for cross level reference [StaticMeshComponent Steel_A1_Static.TheWorld:PersistentLevel.StaticMeshCollectionActor_624.StaticMeshActor_SMC_2499:ReplacementPrimitive]
[3693.33] Log: WARNING: [guid level name:Steel_A1_Static_LOD] Guid 0000DD68000000000000000000000000 isn't loaded yet for cross level reference [StaticMeshComponent Steel_A1_Static.TheWorld:PersistentLevel.StaticMeshCollectionActor_624.StaticMeshActor_SMC_90:ReplacementPrimitive]
[3693.33] Log: WARNING: [guid level name:Steel_A1_Static_LOD] Guid 0000DD68000000000000000000000000 isn't loaded yet for cross level reference [StaticMeshComponent Steel_A1_Static.TheWorld:PersistentLevel.StaticMeshCollectionActor_625.StaticMeshActor_SMC_1035:ReplacementPrimitive]
[3693.33] Log: WARNING: [guid level name:Steel_A1_Static_LOD] Guid 0000DD68000000000000000000000000 isn't loaded yet for cross level reference [StaticMeshComponent Steel_A1_Static.TheWorld:PersistentLevel.StaticMeshCollectionActor_625.StaticMeshActor_SMC_1727:ReplacementPrimitive]
[3693.33] Log: WARNING: [guid level name:Steel_A1_Static_LOD] Guid 0000DD68000000000000000000000000 isn't loaded yet for cross level reference [StaticMeshComponent Steel_A1_Static.TheWorld:PersistentLevel.StaticMeshCollectionActor_625.StaticMeshActor_SMC_1882:ReplacementPrimitive]
[3693.33] Log: WARNING: [guid level name:Steel_A1_Static_LOD] Guid 0000DD68000000000000000000000000 isn't loaded yet for cross level reference [StaticMeshComponent Steel_A1_Static.TheWorld:PersistentLevel.StaticMeshCollectionActor_625.StaticMeshActor_SMC_360:ReplacementPrimitive]
[3693.33] Log: WARNING: [guid level name:Steel_A1_Static_LOD] Guid 0000DD68000000000000000000000000 isn't loaded yet for cross level reference [StaticMeshComponent Steel_A1_Static.TheWorld:PersistentLevel.StaticMeshCollectionActor_626.StaticMeshActor_SMC_1668:ReplacementPrimitive]
[3693.33] Log: WARNING: [guid level name:Steel_A1_Static_LOD] Guid 0000DD68000000000000000000000000 isn't loaded yet for cross level reference [StaticMeshComponent Steel_A1_Static.TheWorld:PersistentLevel.StaticMeshCollectionActor_626.StaticMeshActor_SMC_2339:ReplacementPrimitive]
[3693.33] Log: WARNING: [guid level name:Steel_A1_Static_LOD] Guid 0000DD68000000000000000000000000 isn't loaded yet for cross level reference [StaticMeshComponent Steel_A1_Static.TheWorld:PersistentLevel.StaticMeshCollectionActor_626.StaticMeshActor_SMC_2340:ReplacementPrimitive]
[3693.33] Log: WARNING: [guid level name:Steel_A1_Static_LOD] Guid 0000DD68000000000000000000000000 isn't loaded yet for cross level reference [StaticMeshComponent Steel_A1_Static.TheWorld:PersistentLevel.StaticMeshCollectionActor_627.StaticMeshActor_SMC_1493:ReplacementPrimitive]
[3693.33] Log: WARNING: [guid level name:Steel_A1_Static_LOD] Guid 0000DD68000000000000000000000000 isn't loaded yet for cross level reference [StaticMeshComponent Steel_A1_Static.TheWorld:PersistentLevel.StaticMeshCollectionActor_627.StaticMeshActor_SMC_2148:ReplacementPrimitive]
[3693.33] Log: WARNING: [guid level name:Steel_A1_Static_LOD] Guid 0000DD68000000000000000000000000 isn't loaded yet for cross level reference [StaticMeshComponent Steel_A1_Static.TheWorld:PersistentLevel.StaticMeshCollectionActor_627.StaticMeshActor_SMC_2217:ReplacementPrimitive]
[3693.33] Log: WARNING: [guid level name:Steel_A1_Static_LOD] Guid 0000DD68000000000000000000000000 isn't loaded yet for cross level reference [StaticMeshComponent Steel_A1_Static.TheWorld:PersistentLevel.StaticMeshCollectionActor_627.StaticMeshActor_SMC_2457:ReplacementPrimitive]
[3693.33] Log: WARNING: [guid level name:Steel_A1_Static_LOD] Guid 0000DD68000000000000000000000000 isn't loaded yet for cross level reference [StaticMeshComponent Steel_A1_Static.TheWorld:PersistentLevel.StaticMeshCollectionActor_627.StaticMeshActor_SMC_568:ReplacementPrimitive]
[3693.33] Log: WARNING: [guid level name:Steel_A1_Static_LOD] Guid 0000DD68000000000000000000000000 isn't loaded yet for cross level reference [StaticMeshComponent Steel_A1_Static.TheWorld:PersistentLevel.StaticMeshCollectionActor_627.StaticMeshActor_SMC_754:ReplacementPrimitive]
[3693.33] Log: WARNING: [guid level name:Steel_A1_Static_LOD] Guid 0000DD68000000000000000000000000 isn't loaded yet for cross level reference [StaticMeshComponent Steel_A1_Static.TheWorld:PersistentLevel.StaticMeshCollectionActor_628.StaticMeshActor_SMC_2218:ReplacementPrimitive]
[3693.33] Log: WARNING: [guid level name:Steel_A1_Static_LOD] Guid 0000DD68000000000000000000000000 isn't loaded yet for cross level reference [StaticMeshComponent Steel_A1_Static.TheWorld:PersistentLevel.StaticMeshCollectionActor_628.StaticMeshActor_SMC_2299:ReplacementPrimitive]
[3693.33] Log: WARNING: [guid level name:Steel_A1_Static_LOD] Guid 0000DD68000000000000000000000000 isn't loaded yet for cross level reference [StaticMeshComponent Steel_A1_Static.TheWorld:PersistentLevel.StaticMeshCollectionActor_628.StaticMeshActor_SMC_2451:ReplacementPrimitive]
[3693.33] Log: WARNING: [guid level name:Steel_A1_Static_LOD] Guid 0000DD68000000000000000000000000 isn't loaded yet for cross level reference [StaticMeshComponent Steel_A1_Static.TheWorld:PersistentLevel.StaticMeshCollectionActor_628.StaticMeshActor_SMC_712:ReplacementPrimitive]
[3693.33] Log: WARNING: [guid level name:Steel_A1_Static_LOD] Guid 0000DD68000000000000000000000000 isn't loaded yet for cross level reference [StaticMeshComponent Steel_A1_Static.TheWorld:PersistentLevel.StaticMeshCollectionActor_628.StaticMeshActor_SMC_748:ReplacementPrimitive]
[3693.33] Log: WARNING: [guid level name:Steel_A1_Static_LOD] Guid 0000DD68000000000000000000000000 isn't loaded yet for cross level reference [StaticMeshComponent Steel_A1_Static.TheWorld:PersistentLevel.StaticMeshCollectionActor_628.StaticMeshActor_SMC_790:ReplacementPrimitive]
[3693.33] Log: WARNING: [guid level name:Steel_A1_Static_LOD] Guid 0000DD67000000000000000000000000 isn't loaded yet for cross level reference [StaticMeshComponent Steel_A1_Static.TheWorld:PersistentLevel.StaticMeshCollectionActor_629.StaticMeshActor_SMC_2360:ReplacementPrimitive]
[3693.33] Log: WARNING: [guid level name:Steel_A1_Static_LOD] Guid 0000DD67000000000000000000000000 isn't loaded yet for cross level reference [StaticMeshComponent Steel_A1_Static.TheWorld:PersistentLevel.StaticMeshCollectionActor_630.StaticMeshActor_SMC_1057:ReplacementPrimitive]
[3693.33] Log: WARNING: [guid level name:Steel_A1_Static_LOD] Guid 0000DD67000000000000000000000000 isn't loaded yet for cross level reference [StaticMeshComponent Steel_A1_Static.TheWorld:PersistentLevel.StaticMeshCollectionActor_630.StaticMeshActor_SMC_2246:ReplacementPrimitive]
[3693.33] Log: WARNING: [guid level name:Steel_A1_Static_LOD] Guid 0000DD67000000000000000000000000 isn't loaded yet for cross level reference [StaticMeshComponent Steel_A1_Static.TheWorld:PersistentLevel.StaticMeshCollectionActor_630.StaticMeshActor_SMC_2288:ReplacementPrimitive]
[3693.33] Log: WARNING: [guid level name:Steel_A1_Static_LOD] Guid 0000DD67000000000000000000000000 isn't loaded yet for cross level reference [StaticMeshComponent Steel_A1_Static.TheWorld:PersistentLevel.StaticMeshCollectionActor_630.StaticMeshActor_SMC_2294:ReplacementPrimitive]
[3693.33] Log: WARNING: [guid level name:Steel_A1_Static_LOD] Guid 0000DD67000000000000000000000000 isn't loaded yet for cross level reference [StaticMeshComponent Steel_A1_Static.TheWorld:PersistentLevel.StaticMeshCollectionActor_630.StaticMeshActor_SMC_2296:ReplacementPrimitive]
[3693.33] Log: WARNING: [guid level name:Steel_A1_Static_LOD] Guid 0000DD67000000000000000000000000 isn't loaded yet for cross level reference [StaticMeshComponent Steel_A1_Static.TheWorld:PersistentLevel.StaticMeshCollectionActor_630.StaticMeshActor_SMC_2298:ReplacementPrimitive]
[3693.37] Log: WARNING: [guid level name:Steel_A1_Static_LOD] Guid 0000DD67000000000000000000000000 isn't loaded yet for cross level reference [StaticMeshComponent Steel_A1_Static.TheWorld:PersistentLevel.StaticMeshCollectionActor_630.StaticMeshActor_SMC_2887:ReplacementPrimitive]
[3693.37] Log: WARNING: [guid level name:Steel_A1_Static_LOD] Guid 0000DD67000000000000000000000000 isn't loaded yet for cross level reference [StaticMeshComponent Steel_A1_Static.TheWorld:PersistentLevel.StaticMeshCollectionActor_630.StaticMeshActor_SMC_991:ReplacementPrimitive]
[3693.38] Log: WARNING: [guid level name:Steel_A1_Static_LOD] Guid 0000DD68000000000000000000000000 isn't loaded yet for cross level reference [StaticMeshComponent Steel_A1_Static.TheWorld:PersistentLevel.StaticMeshCollectionActor_632.StaticMeshActor_SMC_2309:ReplacementPrimitive]
[3693.38] Log: WARNING: [guid level name:Steel_A1_Static_LOD] Guid 0000DD68000000000000000000000000 isn't loaded yet for cross level reference [StaticMeshComponent Steel_A1_Static.TheWorld:PersistentLevel.StaticMeshCollectionActor_632.StaticMeshActor_SMC_2453:ReplacementPrimitive]
[3693.38] Log: WARNING: [guid level name:Steel_A1_Static_LOD] Guid 0000DD68000000000000000000000000 isn't loaded yet for cross level reference [StaticMeshComponent Steel_A1_Static.TheWorld:PersistentLevel.StaticMeshCollectionActor_632.StaticMeshActor_SMC_551:ReplacementPrimitive]
[3693.38] Log: WARNING: [guid level name:Steel_A1_Static_LOD] Guid 0000DD6B000000000000000000000000 isn't loaded yet for cross level reference [StaticMeshComponent Steel_A1_Static.TheWorld:PersistentLevel.StaticMeshCollectionActor_632.StaticMeshActor_SMC_608:ReplacementPrimitive]
[3693.38] Log: WARNING: [guid level name:Steel_A1_Static_LOD] Guid 0000DD68000000000000000000000000 isn't loaded yet for cross level reference [StaticMeshComponent Steel_A1_Static.TheWorld:PersistentLevel.StaticMeshCollectionActor_633.StaticMeshActor_SMC_592:ReplacementPrimitive]
[3693.38] Log: WARNING: [guid level name:Steel_A1_Static_LOD] Guid 0000DD68000000000000000000000000 isn't loaded yet for cross level reference [StaticMeshComponent Steel_A1_Static.TheWorld:PersistentLevel.StaticMeshCollectionActor_635.StaticMeshActor_SMC_1121:ReplacementPrimitive]
[3693.38] Log: WARNING: [guid level name:Steel_A1_Static_LOD] Guid 0000DD68000000000000000000000000 isn't loaded yet for cross level reference [StaticMeshComponent Steel_A1_Static.TheWorld:PersistentLevel.StaticMeshCollectionActor_635.StaticMeshActor_SMC_1153:ReplacementPrimitive]
[3693.38] Log: WARNING: [guid level name:Steel_A1_Static_LOD] Guid 0000DD68000000000000000000000000 isn't loaded yet for cross level reference [StaticMeshComponent Steel_A1_Static.TheWorld:PersistentLevel.StaticMeshCollectionActor_635.StaticMeshActor_SMC_140:ReplacementPrimitive]
[3693.38] Log: WARNING: [guid level name:Steel_A1_Static_LOD] Guid 0000DD68000000000000000000000000 isn't loaded yet for cross level reference [StaticMeshComponent Steel_A1_Static.TheWorld:PersistentLevel.StaticMeshCollectionActor_635.StaticMeshActor_SMC_1439:ReplacementPrimitive]
[3693.38] Log: WARNING: [guid level name:Steel_A1_Static_LOD] Guid 0000DD6B000000000000000000000000 isn't loaded yet for cross level reference [StaticMeshComponent Steel_A1_Static.TheWorld:PersistentLevel.StaticMeshCollectionActor_635.StaticMeshActor_SMC_580:ReplacementPrimitive]
[3693.38] Log: WARNING: [guid level name:Steel_A1_Static_LOD] Guid 0000DD68000000000000000000000000 isn't loaded yet for cross level reference [StaticMeshComponent Steel_A1_Static.TheWorld:PersistentLevel.StaticMeshCollectionActor_636.StaticMeshActor_SMC_1108:ReplacementPrimitive]
[3693.38] Log: WARNING: [guid level name:Steel_A1_Static_LOD] Guid 0000DD68000000000000000000000000 isn't loaded yet for cross level reference [StaticMeshComponent Steel_A1_Static.TheWorld:PersistentLevel.StaticMeshCollectionActor_636.StaticMeshActor_SMC_1113:ReplacementPrimitive]
[3693.38] Log: WARNING: [guid level name:Steel_A1_Static_LOD] Guid 0000DD68000000000000000000000000 isn't loaded yet for cross level reference [StaticMeshComponent Steel_A1_Static.TheWorld:PersistentLevel.StaticMeshCollectionActor_636.StaticMeshActor_SMC_1414:ReplacementPrimitive]
[3693.38] Log: WARNING: [guid level name:Steel_A1_Static_LOD] Guid 0000DD68000000000000000000000000 isn't loaded yet for cross level reference [StaticMeshComponent Steel_A1_Static.TheWorld:PersistentLevel.StaticMeshCollectionActor_636.StaticMeshActor_SMC_1438:ReplacementPrimitive]
[3693.38] Log: WARNING: [guid level name:Steel_A1_Static_LOD] Guid 0000DD68000000000000000000000000 isn't loaded yet for cross level reference [StaticMeshComponent Steel_A1_Static.TheWorld:PersistentLevel.StaticMeshCollectionActor_636.StaticMeshActor_SMC_1674:ReplacementPrimitive]
[3693.38] Log: WARNING: [guid level name:Steel_A1_Static_LOD] Guid 0000DD68000000000000000000000000 isn't loaded yet for cross level reference [StaticMeshComponent Steel_A1_Static.TheWorld:PersistentLevel.StaticMeshCollectionActor_636.StaticMeshActor_SMC_537:ReplacementPrimitive]
[3693.38] Log: WARNING: [guid level name:Steel_A1_Static_LOD] Guid 0000DD68000000000000000000000000 isn't loaded yet for cross level reference [StaticMeshComponent Steel_A1_Static.TheWorld:PersistentLevel.StaticMeshCollectionActor_636.StaticMeshActor_SMC_653:ReplacementPrimitive]
[3693.38] Log: WARNING: [guid level name:Steel_A1_Static_LOD] Guid 0000DD68000000000000000000000000 isn't loaded yet for cross level reference [StaticMeshComponent Steel_A1_Static.TheWorld:PersistentLevel.StaticMeshCollectionActor_636.StaticMeshActor_SMC_654:ReplacementPrimitive]
[3693.38] Log: WARNING: [guid level name:Steel_A1_Static_LOD] Guid 0000DD68000000000000000000000000 isn't loaded yet for cross level reference [StaticMeshComponent Steel_A1_Static.TheWorld:PersistentLevel.StaticMeshCollectionActor_636.StaticMeshActor_SMC_655:ReplacementPrimitive]
[3693.38] Log: WARNING: [guid level name:Steel_A1_Static_LOD] Guid 0000DD68000000000000000000000000 isn't loaded yet for cross level reference [StaticMeshComponent Steel_A1_Static.TheWorld:PersistentLevel.StaticMeshCollectionActor_637.StaticMeshActor_SMC_1339:ReplacementPrimitive]
[3693.38] Log: WARNING: [guid level name:Steel_A1_Static_LOD] Guid 0000DD68000000000000000000000000 isn't loaded yet for cross level reference [StaticMeshComponent Steel_A1_Static.TheWorld:PersistentLevel.StaticMeshCollectionActor_639.StaticMeshActor_SMC_520:ReplacementPrimitive]
[3693.38] Log: WARNING: [guid level name:Steel_A1_Static_LOD] Guid 0000DD68000000000000000000000000 isn't loaded yet for cross level reference [StaticMeshComponent Steel_A1_Static.TheWorld:PersistentLevel.StaticMeshCollectionActor_640.StaticMeshActor_SMC_154:ReplacementPrimitive]
[3693.38] Log: WARNING: [guid level name:Steel_A1_Static_LOD] Guid 0000DD67000000000000000000000000 isn't loaded yet for cross level reference [StaticMeshComponent Steel_A1_Static.TheWorld:PersistentLevel.StaticMeshCollectionActor_640.StaticMeshActor_SMC_1721:ReplacementPrimitive]
[3693.38] Log: WARNING: [guid level name:Steel_A1_Static_LOD] Guid 0000DD68000000000000000000000000 isn't loaded yet for cross level reference [StaticMeshComponent Steel_A1_Static.TheWorld:PersistentLevel.StaticMeshCollectionActor_643.StaticMeshActor_SMC_379:ReplacementPrimitive]
[3693.38] Log: WARNING: [guid level name:Steel_A1_Static_LOD] Guid 0000DD68000000000000000000000000 isn't loaded yet for cross level reference [StaticMeshComponent Steel_A1_Static.TheWorld:PersistentLevel.StaticMeshCollectionActor_649.StaticMeshActor_SMC_476:ReplacementPrimitive]
[3693.38] Log: WARNING: [guid level name:Steel_A1_Static_LOD] Guid 0000DD67000000000000000000000000 isn't loaded yet for cross level reference [StaticMeshComponent Steel_A1_Static.TheWorld:PersistentLevel.StaticMeshCollectionActor_650.StaticMeshActor_SMC_1735:ReplacementPrimitive]
[3693.38] Log: WARNING: [guid level name:Steel_A1_Static_LOD] Guid 0000DD67000000000000000000000000 isn't loaded yet for cross level reference [StaticMeshComponent Steel_A1_Static.TheWorld:PersistentLevel.StaticMeshCollectionActor_650.StaticMeshActor_SMC_2342:ReplacementPrimitive]
[3693.38] Log: WARNING: [guid level name:Steel_A1_Static_LOD] Guid 0000DD67000000000000000000000000 isn't loaded yet for cross level reference [StaticMeshComponent Steel_A1_Static.TheWorld:PersistentLevel.StaticMeshCollectionActor_650.StaticMeshActor_SMC_600:ReplacementPrimitive]
[3693.38] Log: WARNING: [guid level name:Steel_A1_Static_LOD] Guid 0000DD67000000000000000000000000 isn't loaded yet for cross level reference [StaticMeshComponent Steel_A1_Static.TheWorld:PersistentLevel.StaticMeshCollectionActor_650.StaticMeshActor_SMC_624:ReplacementPrimitive]
[3693.38] Log: WARNING: [guid level name:Steel_A1_Static_LOD] Guid 0000DD67000000000000000000000000 isn't loaded yet for cross level reference [StaticMeshComponent Steel_A1_Static.TheWorld:PersistentLevel.StaticMeshCollectionActor_650.StaticMeshActor_SMC_625:ReplacementPrimitive]
[3693.38] Log: WARNING: [guid level name:Steel_A1_Static_LOD] Guid 0000DD67000000000000000000000000 isn't loaded yet for cross level reference [StaticMeshComponent Steel_A1_Static.TheWorld:PersistentLevel.StaticMeshCollectionActor_650.StaticMeshActor_SMC_665:ReplacementPrimitive]
[3693.38] Log: WARNING: [guid level name:Steel_A1_Static_LOD] Guid 0000DD68000000000000000000000000 isn't loaded yet for cross level reference [StaticMeshComponent Steel_A1_Static.TheWorld:PersistentLevel.StaticMeshCollectionActor_651.StaticMeshActor_SMC_1025:ReplacementPrimitive]
[3693.38] Log: WARNING: [guid level name:Steel_A1_Static_LOD] Guid 0000DD68000000000000000000000000 isn't loaded yet for cross level reference [StaticMeshComponent Steel_A1_Static.TheWorld:PersistentLevel.StaticMeshCollectionActor_651.StaticMeshActor_SMC_1712:ReplacementPrimitive]
[3693.38] Log: WARNING: [guid level name:Steel_A1_Static_LOD] Guid 0000DD68000000000000000000000000 isn't loaded yet for cross level reference [StaticMeshComponent Steel_A1_Static.TheWorld:PersistentLevel.StaticMeshCollectionActor_651.StaticMeshActor_SMC_1881:ReplacementPrimitive]
[3693.38] Log: WARNING: [guid level name:Steel_A1_Static_LOD] Guid 0000DD68000000000000000000000000 isn't loaded yet for cross level reference [StaticMeshComponent Steel_A1_Static.TheWorld:PersistentLevel.StaticMeshCollectionActor_651.StaticMeshActor_SMC_217:ReplacementPrimitive]
[3693.38] Log: WARNING: [guid level name:Steel_A1_Static_LOD] Guid 0000DD68000000000000000000000000 isn't loaded yet for cross level reference [StaticMeshComponent Steel_A1_Static.TheWorld:PersistentLevel.StaticMeshCollectionActor_652.StaticMeshActor_SMC_1879:ReplacementPrimitive]
[3693.38] Log: WARNING: [guid level name:Steel_A1_Static_LOD] Guid 0000DD67000000000000000000000000 isn't loaded yet for cross level reference [StaticMeshComponent Steel_A1_Static.TheWorld:PersistentLevel.StaticMeshCollectionActor_656.StaticMeshActor_SMC_2228:ReplacementPrimitive]
[3693.38] Log: WARNING: [guid level name:Steel_A1_Static_LOD] Guid 0000DD67000000000000000000000000 isn't loaded yet for cross level reference [StaticMeshComponent Steel_A1_Static.TheWorld:PersistentLevel.StaticMeshCollectionActor_657.StaticMeshActor_SMC_150:ReplacementPrimitive]
[3693.38] Log: WARNING: [guid level name:Steel_A1_Static_LOD] Guid 0000DD67000000000000000000000000 isn't loaded yet for cross level reference [StaticMeshComponent Steel_A1_Static.TheWorld:PersistentLevel.StaticMeshCollectionActor_658.StaticMeshActor_SMC_1736:ReplacementPrimitive]
[3693.38] Log: WARNING: [guid level name:Steel_A1_Static_LOD] Guid 0000DD67000000000000000000000000 isn't loaded yet for cross level reference [StaticMeshComponent Steel_A1_Static.TheWorld:PersistentLevel.StaticMeshCollectionActor_658.StaticMeshActor_SMC_2886:ReplacementPrimitive]
[3693.38] Log: WARNING: [guid level name:Steel_A1_Static_LOD] Guid 0000DD67000000000000000000000000 isn't loaded yet for cross level reference [StaticMeshComponent Steel_A1_Static.TheWorld:PersistentLevel.StaticMeshCollectionActor_658.StaticMeshActor_SMC_597:ReplacementPrimitive]
[3693.38] Log: WARNING: [guid level name:Steel_A1_Static_LOD] Guid 0000DD68000000000000000000000000 isn't loaded yet for cross level reference [StaticMeshComponent Steel_A1_Static.TheWorld:PersistentLevel.StaticMeshCollectionActor_663.StaticMeshActor_SMC_2266:ReplacementPrimitive]
[3693.38] Log: WARNING: [guid level name:Steel_A1_Static_LOD] Guid 0000DD67000000000000000000000000 isn't loaded yet for cross level reference [StaticMeshComponent Steel_A1_Static.TheWorld:PersistentLevel.StaticMeshCollectionActor_663.StaticMeshActor_SMC_2387:ReplacementPrimitive]
[6338.31] DevMemory: Virtual  memory allocation size: 261.00 MByte (273677464 Bytes)
[6338.31] DevMemory: Physical memory allocation size: 387.06 MByte (405864448 Bytes)
[6345.48] Log: Closing by request
[6347.68] Log: Log file closed, 03/23/20 19:03:22
