[0008.14] Log: Log file open, 03/30/20 06:25:41
[0008.14] DevMemory: Virtual  memory allocation size: 201.32 MByte (211097696 Bytes)
[0008.14] DevMemory: Physical memory allocation size: 209.50 MByte (219672576 Bytes)
[0023.19] DevMemory: Virtual  memory allocation size: 204.54 MByte (214474320 Bytes)
[0023.19] DevMemory: Physical memory allocation size: 226.00 MByte (236974080 Bytes)
[3796.35] DevMemory: Virtual  memory allocation size: 251.35 MByte (263559360 Bytes)
[3796.35] DevMemory: Physical memory allocation size: 362.42 MByte (380026880 Bytes)
[7866.62] DevMemory: Virtual  memory allocation size: 258.78 MByte (271345952 Bytes)
[7866.62] DevMemory: Physical memory allocation size: 370.70 MByte (388702208 Bytes)
[8609.90] DevMemory: Virtual  memory allocation size: 258.26 MByte (270807992 Bytes)
[8609.90] DevMemory: Physical memory allocation size: 371.70 MByte (389750784 Bytes)
[8798.97] DevMemory: Virtual  memory allocation size: 240.64 MByte (252324432 Bytes)
[8798.97] DevMemory: Physical memory allocation size: 351.14 MByte (368197632 Bytes)
[8868.28] DevMemory: Virtual  memory allocation size: 240.71 MByte (252400928 Bytes)
[8868.28] DevMemory: Physical memory allocation size: 352.33 MByte (369446912 Bytes)
[8905.28] DevMemory: Virtual  memory allocation size: 240.52 MByte (252201632 Bytes)
[8905.28] DevMemory: Physical memory allocation size: 350.65 MByte (367685632 Bytes)
[8962.24] DevMemory: Virtual  memory allocation size: 240.71 MByte (252404480 Bytes)
[8962.24] DevMemory: Physical memory allocation size: 352.58 MByte (369704960 Bytes)
[9036.80] DevMemory: Virtual  memory allocation size: 240.73 MByte (252421832 Bytes)
[9036.80] DevMemory: Physical memory allocation size: 352.20 MByte (369311744 Bytes)
[9114.88] DevMemory: Virtual  memory allocation size: 240.66 MByte (252349264 Bytes)
[9114.88] DevMemory: Physical memory allocation size: 352.09 MByte (369192960 Bytes)
[9613.94] DevMemory: Virtual  memory allocation size: 240.04 MByte (251698160 Bytes)
[9613.94] DevMemory: Physical memory allocation size: 353.71 MByte (370888704 Bytes)
[9641.19] Log: WARNING: [guid level name:OW_C5_Ch78_Static_LOD] Guid 0003DE2E000000000000000000000000 isn't loaded yet for cross level reference [ParticleSystemComponent OW_C5_Ch789_Static.TheWorld:PersistentLevel.Emitter_10.ParticleSystemComponent_454:ReplacementPrimitive]
[9641.19] Log: WARNING: [guid level name:OW_C5_Ch78_Static_LOD] Guid 0003DE2E000000000000000000000000 isn't loaded yet for cross level reference [ParticleSystemComponent OW_C5_Ch789_Static.TheWorld:PersistentLevel.Emitter_11.ParticleSystemComponent_454:ReplacementPrimitive]
[9641.19] Log: WARNING: [guid level name:OW_C5_Ch78_Static_LOD] Guid 0003DE2E000000000000000000000000 isn't loaded yet for cross level reference [ParticleSystemComponent OW_C5_Ch789_Static.TheWorld:PersistentLevel.Emitter_12.ParticleSystemComponent_454:ReplacementPrimitive]
[9641.19] Log: WARNING: [guid level name:OW_C5_Ch78_Static_LOD] Guid 0003DE2E000000000000000000000000 isn't loaded yet for cross level reference [ParticleSystemComponent OW_C5_Ch789_Static.TheWorld:PersistentLevel.Emitter_29.ParticleSystemComponent_9:ReplacementPrimitive]
[9641.19] Log: WARNING: [guid level name:OW_C5_Ch78_Static_LOD] Guid 0003DE2E000000000000000000000000 isn't loaded yet for cross level reference [ParticleSystemComponent OW_C5_Ch789_Static.TheWorld:PersistentLevel.Emitter_5.ParticleSystemComponent_454:ReplacementPrimitive]
[9641.19] Log: WARNING: [guid level name:OW_C5_Ch78_Static_LOD] Guid 0003DE2E000000000000000000000000 isn't loaded yet for cross level reference [ParticleSystemComponent OW_C5_Ch789_Static.TheWorld:PersistentLevel.Emitter_6.ParticleSystemComponent_454:ReplacementPrimitive]
[9641.19] Log: WARNING: [guid level name:OW_C5_Ch78_Static_LOD] Guid 0003DE2E000000000000000000000000 isn't loaded yet for cross level reference [ParticleSystemComponent OW_C5_Ch789_Static.TheWorld:PersistentLevel.Emitter_7.ParticleSystemComponent_454:ReplacementPrimitive]
[9641.19] Log: WARNING: [guid level name:OW_C5_Ch78_Static_LOD] Guid 0003DE2E000000000000000000000000 isn't loaded yet for cross level reference [ParticleSystemComponent OW_C5_Ch789_Static.TheWorld:PersistentLevel.Emitter_8.ParticleSystemComponent_454:ReplacementPrimitive]
[10118.75] Log: WARNING: [guid level name:OW_C5_Ch78_Static_LOD] Guid 0003DE2E000000000000000000000000 isn't loaded yet for cross level reference [ParticleSystemComponent OW_C5_Ch789_Static.TheWorld:PersistentLevel.Emitter_10.ParticleSystemComponent_454:ReplacementPrimitive]
[10118.75] Log: WARNING: [guid level name:OW_C5_Ch78_Static_LOD] Guid 0003DE2E000000000000000000000000 isn't loaded yet for cross level reference [ParticleSystemComponent OW_C5_Ch789_Static.TheWorld:PersistentLevel.Emitter_11.ParticleSystemComponent_454:ReplacementPrimitive]
[10118.75] Log: WARNING: [guid level name:OW_C5_Ch78_Static_LOD] Guid 0003DE2E000000000000000000000000 isn't loaded yet for cross level reference [ParticleSystemComponent OW_C5_Ch789_Static.TheWorld:PersistentLevel.Emitter_12.ParticleSystemComponent_454:ReplacementPrimitive]
[10118.75] Log: WARNING: [guid level name:OW_C5_Ch78_Static_LOD] Guid 0003DE2E000000000000000000000000 isn't loaded yet for cross level reference [ParticleSystemComponent OW_C5_Ch789_Static.TheWorld:PersistentLevel.Emitter_29.ParticleSystemComponent_9:ReplacementPrimitive]
[10118.75] Log: WARNING: [guid level name:OW_C5_Ch78_Static_LOD] Guid 0003DE2E000000000000000000000000 isn't loaded yet for cross level reference [ParticleSystemComponent OW_C5_Ch789_Static.TheWorld:PersistentLevel.Emitter_5.ParticleSystemComponent_454:ReplacementPrimitive]
[10118.75] Log: WARNING: [guid level name:OW_C5_Ch78_Static_LOD] Guid 0003DE2E000000000000000000000000 isn't loaded yet for cross level reference [ParticleSystemComponent OW_C5_Ch789_Static.TheWorld:PersistentLevel.Emitter_6.ParticleSystemComponent_454:ReplacementPrimitive]
[10118.75] Log: WARNING: [guid level name:OW_C5_Ch78_Static_LOD] Guid 0003DE2E000000000000000000000000 isn't loaded yet for cross level reference [ParticleSystemComponent OW_C5_Ch789_Static.TheWorld:PersistentLevel.Emitter_7.ParticleSystemComponent_454:ReplacementPrimitive]
[10118.75] Log: WARNING: [guid level name:OW_C5_Ch78_Static_LOD] Guid 0003DE2E000000000000000000000000 isn't loaded yet for cross level reference [ParticleSystemComponent OW_C5_Ch789_Static.TheWorld:PersistentLevel.Emitter_8.ParticleSystemComponent_454:ReplacementPrimitive]
[10141.98] Log: WARNING: [guid level name:OW_C5_Ch78_Static_LOD] Guid 0003DE2E000000000000000000000000 isn't loaded yet for cross level reference [ParticleSystemComponent OW_C5_Ch789_Static.TheWorld:PersistentLevel.Emitter_10.ParticleSystemComponent_454:ReplacementPrimitive]
[10141.98] Log: WARNING: [guid level name:OW_C5_Ch78_Static_LOD] Guid 0003DE2E000000000000000000000000 isn't loaded yet for cross level reference [ParticleSystemComponent OW_C5_Ch789_Static.TheWorld:PersistentLevel.Emitter_11.ParticleSystemComponent_454:ReplacementPrimitive]
[10141.98] Log: WARNING: [guid level name:OW_C5_Ch78_Static_LOD] Guid 0003DE2E000000000000000000000000 isn't loaded yet for cross level reference [ParticleSystemComponent OW_C5_Ch789_Static.TheWorld:PersistentLevel.Emitter_12.ParticleSystemComponent_454:ReplacementPrimitive]
[10141.98] Log: WARNING: [guid level name:OW_C5_Ch78_Static_LOD] Guid 0003DE2E000000000000000000000000 isn't loaded yet for cross level reference [ParticleSystemComponent OW_C5_Ch789_Static.TheWorld:PersistentLevel.Emitter_29.ParticleSystemComponent_9:ReplacementPrimitive]
[10141.98] Log: WARNING: [guid level name:OW_C5_Ch78_Static_LOD] Guid 0003DE2E000000000000000000000000 isn't loaded yet for cross level reference [ParticleSystemComponent OW_C5_Ch789_Static.TheWorld:PersistentLevel.Emitter_5.ParticleSystemComponent_454:ReplacementPrimitive]
[10141.98] Log: WARNING: [guid level name:OW_C5_Ch78_Static_LOD] Guid 0003DE2E000000000000000000000000 isn't loaded yet for cross level reference [ParticleSystemComponent OW_C5_Ch789_Static.TheWorld:PersistentLevel.Emitter_6.ParticleSystemComponent_454:ReplacementPrimitive]
[10141.98] Log: WARNING: [guid level name:OW_C5_Ch78_Static_LOD] Guid 0003DE2E000000000000000000000000 isn't loaded yet for cross level reference [ParticleSystemComponent OW_C5_Ch789_Static.TheWorld:PersistentLevel.Emitter_7.ParticleSystemComponent_454:ReplacementPrimitive]
[10141.98] Log: WARNING: [guid level name:OW_C5_Ch78_Static_LOD] Guid 0003DE2E000000000000000000000000 isn't loaded yet for cross level reference [ParticleSystemComponent OW_C5_Ch789_Static.TheWorld:PersistentLevel.Emitter_8.ParticleSystemComponent_454:ReplacementPrimitive]
[10551.20] Log: WARNING: [guid level name:OW_R1_Static_FAR] Guid 00012975000000000000000000000000 isn't loaded yet for cross level reference [StaticMeshComponent OW_R1_Static_LOD.TheWorld:PersistentLevel.StaticMeshCollectionActor_319.StaticMeshActor_SMC_0:ReplacementPrimitive]
[10551.20] Log: WARNING: [guid level name:OW_R1_Static_FAR] Guid 00012975000000000000000000000000 isn't loaded yet for cross level reference [StaticMeshComponent OW_R1_Static_LOD.TheWorld:PersistentLevel.StaticMeshCollectionActor_319.StaticMeshActor_SMC_163:ReplacementPrimitive]
[10551.21] Log: WARNING: [guid level name:OW_R1_Static_FAR] Guid 00012975000000000000000000000000 isn't loaded yet for cross level reference [StaticMeshComponent OW_R1_Static_LOD.TheWorld:PersistentLevel.StaticMeshCollectionActor_319.StaticMeshActor_SMC_3:ReplacementPrimitive]
[10551.21] Log: WARNING: [guid level name:OW_R1_Static_FAR] Guid 00012975000000000000000000000000 isn't loaded yet for cross level reference [StaticMeshComponent OW_R1_Static_LOD.TheWorld:PersistentLevel.StaticMeshCollectionActor_319.StaticMeshActor_SMC_4:ReplacementPrimitive]
[10551.21] Log: WARNING: [guid level name:OW_R1_Static_FAR] Guid 00012975000000000000000000000000 isn't loaded yet for cross level reference [StaticMeshComponent OW_R1_Static_LOD.TheWorld:PersistentLevel.StaticMeshCollectionActor_319.StaticMeshActor_SMC_421:ReplacementPrimitive]
[10551.21] Log: WARNING: [guid level name:OW_R1_Static_FAR] Guid 00012975000000000000000000000000 isn't loaded yet for cross level reference [StaticMeshComponent OW_R1_Static_LOD.TheWorld:PersistentLevel.StaticMeshCollectionActor_319.StaticMeshActor_SMC_5:ReplacementPrimitive]
[10551.21] Log: WARNING: [guid level name:OW_R1_Static_FAR] Guid 00012975000000000000000000000000 isn't loaded yet for cross level reference [StaticMeshComponent OW_R1_Static_LOD.TheWorld:PersistentLevel.StaticMeshCollectionActor_319.StaticMeshActor_SMC_50:ReplacementPrimitive]
[10551.21] Log: WARNING: [guid level name:OW_R1_Static_FAR] Guid 00012975000000000000000000000000 isn't loaded yet for cross level reference [StaticMeshComponent OW_R1_Static_LOD.TheWorld:PersistentLevel.StaticMeshCollectionActor_319.StaticMeshActor_SMC_610:ReplacementPrimitive]
[10551.21] Log: WARNING: [guid level name:OW_R1_Static_FAR] Guid 00012975000000000000000000000000 isn't loaded yet for cross level reference [StaticMeshComponent OW_R1_Static_LOD.TheWorld:PersistentLevel.StaticMeshCollectionActor_319.StaticMeshActor_SMC_733:ReplacementPrimitive]
[16098.84] Log: WARNING: [guid level name:OW_R1_Static_FAR] Guid 00012975000000000000000000000000 isn't loaded yet for cross level reference [StaticMeshComponent OW_R1_Static_LOD.TheWorld:PersistentLevel.StaticMeshCollectionActor_319.StaticMeshActor_SMC_0:ReplacementPrimitive]
[16098.84] Log: WARNING: [guid level name:OW_R1_Static_FAR] Guid 00012975000000000000000000000000 isn't loaded yet for cross level reference [StaticMeshComponent OW_R1_Static_LOD.TheWorld:PersistentLevel.StaticMeshCollectionActor_319.StaticMeshActor_SMC_163:ReplacementPrimitive]
[16098.84] Log: WARNING: [guid level name:OW_R1_Static_FAR] Guid 00012975000000000000000000000000 isn't loaded yet for cross level reference [StaticMeshComponent OW_R1_Static_LOD.TheWorld:PersistentLevel.StaticMeshCollectionActor_319.StaticMeshActor_SMC_3:ReplacementPrimitive]
[16098.84] Log: WARNING: [guid level name:OW_R1_Static_FAR] Guid 00012975000000000000000000000000 isn't loaded yet for cross level reference [StaticMeshComponent OW_R1_Static_LOD.TheWorld:PersistentLevel.StaticMeshCollectionActor_319.StaticMeshActor_SMC_4:ReplacementPrimitive]
[16098.84] Log: WARNING: [guid level name:OW_R1_Static_FAR] Guid 00012975000000000000000000000000 isn't loaded yet for cross level reference [StaticMeshComponent OW_R1_Static_LOD.TheWorld:PersistentLevel.StaticMeshCollectionActor_319.StaticMeshActor_SMC_421:ReplacementPrimitive]
[16098.84] Log: WARNING: [guid level name:OW_R1_Static_FAR] Guid 00012975000000000000000000000000 isn't loaded yet for cross level reference [StaticMeshComponent OW_R1_Static_LOD.TheWorld:PersistentLevel.StaticMeshCollectionActor_319.StaticMeshActor_SMC_5:ReplacementPrimitive]
[16098.84] Log: WARNING: [guid level name:OW_R1_Static_FAR] Guid 00012975000000000000000000000000 isn't loaded yet for cross level reference [StaticMeshComponent OW_R1_Static_LOD.TheWorld:PersistentLevel.StaticMeshCollectionActor_319.StaticMeshActor_SMC_50:ReplacementPrimitive]
[16098.84] Log: WARNING: [guid level name:OW_R1_Static_FAR] Guid 00012975000000000000000000000000 isn't loaded yet for cross level reference [StaticMeshComponent OW_R1_Static_LOD.TheWorld:PersistentLevel.StaticMeshCollectionActor_319.StaticMeshActor_SMC_610:ReplacementPrimitive]
[16098.84] Log: WARNING: [guid level name:OW_R1_Static_FAR] Guid 00012975000000000000000000000000 isn't loaded yet for cross level reference [StaticMeshComponent OW_R1_Static_LOD.TheWorld:PersistentLevel.StaticMeshCollectionActor_319.StaticMeshActor_SMC_733:ReplacementPrimitive]
[16171.62] Log: WARNING: [guid level name:OW_R1_Static_FAR] Guid 00012975000000000000000000000000 isn't loaded yet for cross level reference [StaticMeshComponent OW_R1_Static_LOD.TheWorld:PersistentLevel.StaticMeshCollectionActor_319.StaticMeshActor_SMC_0:ReplacementPrimitive]
[16171.62] Log: WARNING: [guid level name:OW_R1_Static_FAR] Guid 00012975000000000000000000000000 isn't loaded yet for cross level reference [StaticMeshComponent OW_R1_Static_LOD.TheWorld:PersistentLevel.StaticMeshCollectionActor_319.StaticMeshActor_SMC_163:ReplacementPrimitive]
[16171.62] Log: WARNING: [guid level name:OW_R1_Static_FAR] Guid 00012975000000000000000000000000 isn't loaded yet for cross level reference [StaticMeshComponent OW_R1_Static_LOD.TheWorld:PersistentLevel.StaticMeshCollectionActor_319.StaticMeshActor_SMC_3:ReplacementPrimitive]
[16171.62] Log: WARNING: [guid level name:OW_R1_Static_FAR] Guid 00012975000000000000000000000000 isn't loaded yet for cross level reference [StaticMeshComponent OW_R1_Static_LOD.TheWorld:PersistentLevel.StaticMeshCollectionActor_319.StaticMeshActor_SMC_4:ReplacementPrimitive]
[16171.62] Log: WARNING: [guid level name:OW_R1_Static_FAR] Guid 00012975000000000000000000000000 isn't loaded yet for cross level reference [StaticMeshComponent OW_R1_Static_LOD.TheWorld:PersistentLevel.StaticMeshCollectionActor_319.StaticMeshActor_SMC_421:ReplacementPrimitive]
[16171.62] Log: WARNING: [guid level name:OW_R1_Static_FAR] Guid 00012975000000000000000000000000 isn't loaded yet for cross level reference [StaticMeshComponent OW_R1_Static_LOD.TheWorld:PersistentLevel.StaticMeshCollectionActor_319.StaticMeshActor_SMC_5:ReplacementPrimitive]
[16171.62] Log: WARNING: [guid level name:OW_R1_Static_FAR] Guid 00012975000000000000000000000000 isn't loaded yet for cross level reference [StaticMeshComponent OW_R1_Static_LOD.TheWorld:PersistentLevel.StaticMeshCollectionActor_319.StaticMeshActor_SMC_50:ReplacementPrimitive]
[16171.62] Log: WARNING: [guid level name:OW_R1_Static_FAR] Guid 00012975000000000000000000000000 isn't loaded yet for cross level reference [StaticMeshComponent OW_R1_Static_LOD.TheWorld:PersistentLevel.StaticMeshCollectionActor_319.StaticMeshActor_SMC_610:ReplacementPrimitive]
[16171.62] Log: WARNING: [guid level name:OW_R1_Static_FAR] Guid 00012975000000000000000000000000 isn't loaded yet for cross level reference [StaticMeshComponent OW_R1_Static_LOD.TheWorld:PersistentLevel.StaticMeshCollectionActor_319.StaticMeshActor_SMC_733:ReplacementPrimitive]
[16863.96] Log: WARNING: [guid level name:OW_RC1_Static_FAR] Guid 00012A86000000000000000000000000 isn't loaded yet for cross level reference [StaticMeshComponent Under_B4_OW_CLOD_RC1.TheWorld:PersistentLevel.StaticMeshCollectionActor_520.StaticMeshActor_SMC_12:ReplacementPrimitive]
[16863.96] Log: WARNING: [guid level name:OW_RC1_Static_FAR] Guid 00012A86000000000000000000000000 isn't loaded yet for cross level reference [StaticMeshComponent Under_B4_OW_CLOD_RC1.TheWorld:PersistentLevel.StaticMeshCollectionActor_520.StaticMeshActor_SMC_14:ReplacementPrimitive]
[16863.96] Log: WARNING: [guid level name:OW_RC1_Static_FAR] Guid 00012A86000000000000000000000000 isn't loaded yet for cross level reference [StaticMeshComponent Under_B4_OW_CLOD_RC1.TheWorld:PersistentLevel.StaticMeshCollectionActor_520.StaticMeshActor_SMC_2:ReplacementPrimitive]
[16864.20] Log: WARNING: [guid level name:OW_RC1_Static_FAR] Guid 00012A8C000000000000000000000000 isn't loaded yet for cross level reference [StaticMeshComponent Under_B4_OW_CLOD_RC2.TheWorld:PersistentLevel.StaticMeshCollectionActor_443.StaticMeshActor_SMC_12:ReplacementPrimitive]
[16864.20] Log: WARNING: [guid level name:OW_RC1_Static_FAR] Guid 00012A8C000000000000000000000000 isn't loaded yet for cross level reference [StaticMeshComponent Under_B4_OW_CLOD_RC2.TheWorld:PersistentLevel.StaticMeshCollectionActor_443.StaticMeshActor_SMC_6:ReplacementPrimitive]
[16864.20] Log: WARNING: [guid level name:OW_RC1_Static_FAR] Guid 00012A8C000000000000000000000000 isn't loaded yet for cross level reference [StaticMeshComponent Under_B4_OW_CLOD_RC2.TheWorld:PersistentLevel.StaticMeshCollectionActor_444.StaticMeshActor_SMC_17:ReplacementPrimitive]
[16864.20] Log: WARNING: [guid level name:OW_RC1_Static_FAR] Guid 00012A8C000000000000000000000000 isn't loaded yet for cross level reference [StaticMeshComponent Under_B4_OW_CLOD_RC2.TheWorld:PersistentLevel.StaticMeshCollectionActor_444.StaticMeshActor_SMC_18:ReplacementPrimitive]
[16864.45] Log: WARNING: [guid level name:OW_RC3_Static_FAR] Guid 00012B10000000000000000000000000 isn't loaded yet for cross level reference [StaticMeshComponent Under_B4_OW_CLOD_RC3.TheWorld:PersistentLevel.StaticMeshCollectionActor_526.StaticMeshActor_SMC_13:ReplacementPrimitive]
[16864.45] Log: WARNING: [guid level name:OW_RC3_Static_FAR] Guid 00012B10000000000000000000000000 isn't loaded yet for cross level reference [StaticMeshComponent Under_B4_OW_CLOD_RC3.TheWorld:PersistentLevel.StaticMeshCollectionActor_526.StaticMeshActor_SMC_16:ReplacementPrimitive]
[16864.45] Log: WARNING: [guid level name:OW_RC3_Static_FAR] Guid 00012B10000000000000000000000000 isn't loaded yet for cross level reference [StaticMeshComponent Under_B4_OW_CLOD_RC3.TheWorld:PersistentLevel.StaticMeshCollectionActor_526.StaticMeshActor_SMC_19:ReplacementPrimitive]
[16864.45] Log: WARNING: [guid level name:OW_RC3_Static_FAR] Guid 00012B10000000000000000000000000 isn't loaded yet for cross level reference [StaticMeshComponent Under_B4_OW_CLOD_RC3.TheWorld:PersistentLevel.StaticMeshCollectionActor_526.StaticMeshActor_SMC_34:ReplacementPrimitive]
[16864.45] Log: WARNING: [guid level name:OW_RC3_Static_FAR] Guid 00012B10000000000000000000000000 isn't loaded yet for cross level reference [StaticMeshComponent Under_B4_OW_CLOD_RC3.TheWorld:PersistentLevel.StaticMeshCollectionActor_526.StaticMeshActor_SMC_45:ReplacementPrimitive]
[16864.45] Log: WARNING: [guid level name:OW_RC3_Static_FAR] Guid 00012B10000000000000000000000000 isn't loaded yet for cross level reference [StaticMeshComponent Under_B4_OW_CLOD_RC3.TheWorld:PersistentLevel.StaticMeshCollectionActor_526.StaticMeshActor_SMC_55:ReplacementPrimitive]
[16864.75] Log: WARNING: [guid level name:OW_RC4_Static_FAR] Guid 00012A95000000000000000000000000 isn't loaded yet for cross level reference [StaticMeshComponent Under_B4_OW_CLOD_RC4.TheWorld:PersistentLevel.StaticMeshCollectionActor_697.StaticMeshActor_SMC_60:ReplacementPrimitive]
[16864.75] Log: WARNING: [guid level name:OW_RC4_Static_FAR] Guid 00012A95000000000000000000000000 isn't loaded yet for cross level reference [StaticMeshComponent Under_B4_OW_CLOD_RC4.TheWorld:PersistentLevel.StaticMeshCollectionActor_697.StaticMeshActor_SMC_62:ReplacementPrimitive]
[16864.87] Log: WARNING: [guid level name:OW_RC4_Static_FAR] Guid 00012A9E000000000000000000000000 isn't loaded yet for cross level reference [StaticMeshComponent Under_B4_OW_CLOD_RC5.TheWorld:PersistentLevel.StaticMeshCollectionActor_430.StaticMeshActor_SMC_1555:ReplacementPrimitive]
[16864.87] Log: WARNING: [guid level name:OW_RC4_Static_FAR] Guid 00012A9E000000000000000000000000 isn't loaded yet for cross level reference [StaticMeshComponent Under_B4_OW_CLOD_RC5.TheWorld:PersistentLevel.StaticMeshCollectionActor_430.StaticMeshActor_SMC_56:ReplacementPrimitive]
[16864.87] Log: WARNING: [guid level name:OW_RC4_Static_FAR] Guid 00012A9E000000000000000000000000 isn't loaded yet for cross level reference [StaticMeshComponent Under_B4_OW_CLOD_RC5.TheWorld:PersistentLevel.StaticMeshCollectionActor_430.StaticMeshActor_SMC_57:ReplacementPrimitive]
[16865.54] Log: WARNING: [guid level name:OW_A1_Static_FAR] Guid 00012990000000000000000000000000 isn't loaded yet for cross level reference [StaticMeshComponent Under_B4_OW_ALOD_A3.TheWorld:PersistentLevel.StaticMeshCollectionActor_462.StaticMeshActor_SMC_0:ReplacementPrimitive]
[16865.54] Log: WARNING: [guid level name:OW_A1_Static_FAR] Guid 00012990000000000000000000000000 isn't loaded yet for cross level reference [StaticMeshComponent Under_B4_OW_ALOD_A3.TheWorld:PersistentLevel.StaticMeshCollectionActor_462.StaticMeshActor_SMC_1:ReplacementPrimitive]
[16865.54] Log: WARNING: [guid level name:OW_A1_Static_FAR] Guid 00012990000000000000000000000000 isn't loaded yet for cross level reference [StaticMeshComponent Under_B4_OW_ALOD_A3.TheWorld:PersistentLevel.StaticMeshCollectionActor_462.StaticMeshActor_SMC_129:ReplacementPrimitive]
[16865.54] Log: WARNING: [guid level name:OW_A1_Static_FAR] Guid 00012990000000000000000000000000 isn't loaded yet for cross level reference [StaticMeshComponent Under_B4_OW_ALOD_A3.TheWorld:PersistentLevel.StaticMeshCollectionActor_462.StaticMeshActor_SMC_131:ReplacementPrimitive]
[16865.54] Log: WARNING: [guid level name:OW_A1_Static_FAR] Guid 00012990000000000000000000000000 isn't loaded yet for cross level reference [StaticMeshComponent Under_B4_OW_ALOD_A3.TheWorld:PersistentLevel.StaticMeshCollectionActor_462.StaticMeshActor_SMC_132:ReplacementPrimitive]
[16865.54] Log: WARNING: [guid level name:OW_A1_Static_FAR] Guid 00012990000000000000000000000000 isn't loaded yet for cross level reference [StaticMeshComponent Under_B4_OW_ALOD_A3.TheWorld:PersistentLevel.StaticMeshCollectionActor_462.StaticMeshActor_SMC_133:ReplacementPrimitive]
[16865.54] Log: WARNING: [guid level name:OW_A1_Static_FAR] Guid 00012990000000000000000000000000 isn't loaded yet for cross level reference [StaticMeshComponent Under_B4_OW_ALOD_A3.TheWorld:PersistentLevel.StaticMeshCollectionActor_462.StaticMeshActor_SMC_134:ReplacementPrimitive]
[16865.54] Log: WARNING: [guid level name:OW_A1_Static_FAR] Guid 00012990000000000000000000000000 isn't loaded yet for cross level reference [StaticMeshComponent Under_B4_OW_ALOD_A3.TheWorld:PersistentLevel.StaticMeshCollectionActor_462.StaticMeshActor_SMC_2:ReplacementPrimitive]
[16865.54] Log: WARNING: [guid level name:OW_A1_Static_FAR] Guid 00012990000000000000000000000000 isn't loaded yet for cross level reference [StaticMeshComponent Under_B4_OW_ALOD_A3.TheWorld:PersistentLevel.StaticMeshCollectionActor_462.StaticMeshActor_SMC_3:ReplacementPrimitive]
[16865.54] Log: WARNING: [guid level name:OW_A1_Static_FAR] Guid 00012990000000000000000000000000 isn't loaded yet for cross level reference [StaticMeshComponent Under_B4_OW_ALOD_A3.TheWorld:PersistentLevel.StaticMeshCollectionActor_462.StaticMeshActor_SMC_30:ReplacementPrimitive]
[16865.54] Log: WARNING: [guid level name:OW_A1_Static_FAR] Guid 00012990000000000000000000000000 isn't loaded yet for cross level reference [StaticMeshComponent Under_B4_OW_ALOD_A3.TheWorld:PersistentLevel.StaticMeshCollectionActor_462.StaticMeshActor_SMC_31:ReplacementPrimitive]
[16865.54] Log: WARNING: [guid level name:OW_A1_Static_FAR] Guid 00012990000000000000000000000000 isn't loaded yet for cross level reference [StaticMeshComponent Under_B4_OW_ALOD_A3.TheWorld:PersistentLevel.StaticMeshCollectionActor_462.StaticMeshActor_SMC_32:ReplacementPrimitive]
[16865.54] Log: WARNING: [guid level name:OW_A1_Static_FAR] Guid 00012990000000000000000000000000 isn't loaded yet for cross level reference [StaticMeshComponent Under_B4_OW_ALOD_A3.TheWorld:PersistentLevel.StaticMeshCollectionActor_462.StaticMeshActor_SMC_33:ReplacementPrimitive]
[16865.54] Log: WARNING: [guid level name:OW_A1_Static_FAR] Guid 00012990000000000000000000000000 isn't loaded yet for cross level reference [StaticMeshComponent Under_B4_OW_ALOD_A3.TheWorld:PersistentLevel.StaticMeshCollectionActor_462.StaticMeshActor_SMC_376:ReplacementPrimitive]
[16865.54] Log: WARNING: [guid level name:OW_A1_Static_FAR] Guid 00012990000000000000000000000000 isn't loaded yet for cross level reference [StaticMeshComponent Under_B4_OW_ALOD_A3.TheWorld:PersistentLevel.StaticMeshCollectionActor_462.StaticMeshActor_SMC_377:ReplacementPrimitive]
[16865.54] Log: WARNING: [guid level name:OW_A1_Static_FAR] Guid 00012990000000000000000000000000 isn't loaded yet for cross level reference [StaticMeshComponent Under_B4_OW_ALOD_A3.TheWorld:PersistentLevel.StaticMeshCollectionActor_462.StaticMeshActor_SMC_4:ReplacementPrimitive]
[16865.54] Log: WARNING: [guid level name:OW_A1_Static_FAR] Guid 00012990000000000000000000000000 isn't loaded yet for cross level reference [StaticMeshComponent Under_B4_OW_ALOD_A3.TheWorld:PersistentLevel.StaticMeshCollectionActor_462.StaticMeshActor_SMC_82:ReplacementPrimitive]
[16865.54] Log: WARNING: [guid level name:OW_A1_Static_FAR] Guid 00012990000000000000000000000000 isn't loaded yet for cross level reference [StaticMeshComponent Under_B4_OW_ALOD_A3.TheWorld:PersistentLevel.StaticMeshCollectionActor_462.StaticMeshActor_SMC_83:ReplacementPrimitive]
[16866.04] Log: WARNING: [guid level name:OW_A6_Static_FAR] Guid 000129D8000000000000000000000000 isn't loaded yet for cross level reference [StaticMeshComponent Under_B4_OW_ALOD_A7.TheWorld:PersistentLevel.StaticMeshCollectionActor_503.StaticMeshActor_SMC_0:ReplacementPrimitive]
[16866.04] Log: WARNING: [guid level name:OW_A6_Static_FAR] Guid 000129D8000000000000000000000000 isn't loaded yet for cross level reference [StaticMeshComponent Under_B4_OW_ALOD_A7.TheWorld:PersistentLevel.StaticMeshCollectionActor_503.StaticMeshActor_SMC_1:ReplacementPrimitive]
[16866.04] Log: WARNING: [guid level name:OW_A6_Static_FAR] Guid 000129D8000000000000000000000000 isn't loaded yet for cross level reference [StaticMeshComponent Under_B4_OW_ALOD_A7.TheWorld:PersistentLevel.StaticMeshCollectionActor_503.StaticMeshActor_SMC_1217:ReplacementPrimitive]
[16866.04] Log: WARNING: [guid level name:OW_A6_Static_FAR] Guid 000129D8000000000000000000000000 isn't loaded yet for cross level reference [StaticMeshComponent Under_B4_OW_ALOD_A7.TheWorld:PersistentLevel.StaticMeshCollectionActor_503.StaticMeshActor_SMC_1265:ReplacementPrimitive]
[16866.04] Log: WARNING: [guid level name:OW_A6_Static_FAR] Guid 000129D8000000000000000000000000 isn't loaded yet for cross level reference [StaticMeshComponent Under_B4_OW_ALOD_A7.TheWorld:PersistentLevel.StaticMeshCollectionActor_503.StaticMeshActor_SMC_142:ReplacementPrimitive]
[16866.04] Log: WARNING: [guid level name:OW_A6_Static_FAR] Guid 000129D8000000000000000000000000 isn't loaded yet for cross level reference [StaticMeshComponent Under_B4_OW_ALOD_A7.TheWorld:PersistentLevel.StaticMeshCollectionActor_503.StaticMeshActor_SMC_143:ReplacementPrimitive]
[16866.04] Log: WARNING: [guid level name:OW_A6_Static_FAR] Guid 000129D8000000000000000000000000 isn't loaded yet for cross level reference [StaticMeshComponent Under_B4_OW_ALOD_A7.TheWorld:PersistentLevel.StaticMeshCollectionActor_503.StaticMeshActor_SMC_144:ReplacementPrimitive]
[16866.04] Log: WARNING: [guid level name:OW_A6_Static_FAR] Guid 000129D8000000000000000000000000 isn't loaded yet for cross level reference [StaticMeshComponent Under_B4_OW_ALOD_A7.TheWorld:PersistentLevel.StaticMeshCollectionActor_503.StaticMeshActor_SMC_145:ReplacementPrimitive]
[16866.04] Log: WARNING: [guid level name:OW_A6_Static_FAR] Guid 000129D8000000000000000000000000 isn't loaded yet for cross level reference [StaticMeshComponent Under_B4_OW_ALOD_A7.TheWorld:PersistentLevel.StaticMeshCollectionActor_503.StaticMeshActor_SMC_146:ReplacementPrimitive]
[16866.04] Log: WARNING: [guid level name:OW_A6_Static_FAR] Guid 000129D8000000000000000000000000 isn't loaded yet for cross level reference [StaticMeshComponent Under_B4_OW_ALOD_A7.TheWorld:PersistentLevel.StaticMeshCollectionActor_503.StaticMeshActor_SMC_147:ReplacementPrimitive]
[16866.04] Log: WARNING: [guid level name:OW_A6_Static_FAR] Guid 000129D8000000000000000000000000 isn't loaded yet for cross level reference [StaticMeshComponent Under_B4_OW_ALOD_A7.TheWorld:PersistentLevel.StaticMeshCollectionActor_503.StaticMeshActor_SMC_150:ReplacementPrimitive]
[16866.04] Log: WARNING: [guid level name:OW_A6_Static_FAR] Guid 000129D8000000000000000000000000 isn't loaded yet for cross level reference [StaticMeshComponent Under_B4_OW_ALOD_A7.TheWorld:PersistentLevel.StaticMeshCollectionActor_503.StaticMeshActor_SMC_151:ReplacementPrimitive]
[16866.04] Log: WARNING: [guid level name:OW_A6_Static_FAR] Guid 000129D8000000000000000000000000 isn't loaded yet for cross level reference [StaticMeshComponent Under_B4_OW_ALOD_A7.TheWorld:PersistentLevel.StaticMeshCollectionActor_503.StaticMeshActor_SMC_1662:ReplacementPrimitive]
[16866.04] Log: WARNING: [guid level name:OW_A6_Static_FAR] Guid 000129D8000000000000000000000000 isn't loaded yet for cross level reference [StaticMeshComponent Under_B4_OW_ALOD_A7.TheWorld:PersistentLevel.StaticMeshCollectionActor_503.StaticMeshActor_SMC_2:ReplacementPrimitive]
[16866.04] Log: WARNING: [guid level name:OW_A6_Static_FAR] Guid 000129D8000000000000000000000000 isn't loaded yet for cross level reference [StaticMeshComponent Under_B4_OW_ALOD_A7.TheWorld:PersistentLevel.StaticMeshCollectionActor_503.StaticMeshActor_SMC_3:ReplacementPrimitive]
[16866.04] Log: WARNING: [guid level name:OW_A6_Static_FAR] Guid 000129D8000000000000000000000000 isn't loaded yet for cross level reference [StaticMeshComponent Under_B4_OW_ALOD_A7.TheWorld:PersistentLevel.StaticMeshCollectionActor_503.StaticMeshActor_SMC_5:ReplacementPrimitive]
[16866.04] Log: WARNING: [guid level name:OW_A6_Static_FAR] Guid 000129D8000000000000000000000000 isn't loaded yet for cross level reference [StaticMeshComponent Under_B4_OW_ALOD_A7.TheWorld:PersistentLevel.StaticMeshCollectionActor_503.StaticMeshActor_SMC_6:ReplacementPrimitive]
[16866.04] Log: WARNING: [guid level name:OW_A6_Static_FAR] Guid 000129D8000000000000000000000000 isn't loaded yet for cross level reference [StaticMeshComponent Under_B4_OW_ALOD_A7.TheWorld:PersistentLevel.StaticMeshCollectionActor_503.StaticMeshActor_SMC_7:ReplacementPrimitive]
[16866.04] Log: WARNING: [guid level name:OW_A6_Static_FAR] Guid 000129D8000000000000000000000000 isn't loaded yet for cross level reference [StaticMeshComponent Under_B4_OW_ALOD_A7.TheWorld:PersistentLevel.StaticMeshCollectionActor_503.StaticMeshActor_SMC_77:ReplacementPrimitive]
[16866.04] Log: WARNING: [guid level name:OW_A6_Static_FAR] Guid 000129D8000000000000000000000000 isn't loaded yet for cross level reference [StaticMeshComponent Under_B4_OW_ALOD_A7.TheWorld:PersistentLevel.StaticMeshCollectionActor_503.StaticMeshActor_SMC_781:ReplacementPrimitive]
[16866.04] Log: WARNING: [guid level name:OW_A6_Static_FAR] Guid 000129D8000000000000000000000000 isn't loaded yet for cross level reference [StaticMeshComponent Under_B4_OW_ALOD_A7.TheWorld:PersistentLevel.StaticMeshCollectionActor_503.StaticMeshActor_SMC_8:ReplacementPrimitive]
[16866.04] Log: WARNING: [guid level name:OW_A6_Static_FAR] Guid 000129D8000000000000000000000000 isn't loaded yet for cross level reference [StaticMeshComponent Under_B4_OW_ALOD_A7.TheWorld:PersistentLevel.StaticMeshCollectionActor_503.StaticMeshActor_SMC_80:ReplacementPrimitive]
[16866.04] Log: WARNING: [guid level name:OW_A6_Static_FAR] Guid 000129D8000000000000000000000000 isn't loaded yet for cross level reference [StaticMeshComponent Under_B4_OW_ALOD_A7.TheWorld:PersistentLevel.StaticMeshCollectionActor_503.StaticMeshActor_SMC_86:ReplacementPrimitive]
[16866.04] Log: WARNING: [guid level name:OW_A6_Static_FAR] Guid 000129D8000000000000000000000000 isn't loaded yet for cross level reference [StaticMeshComponent Under_B4_OW_ALOD_A7.TheWorld:PersistentLevel.StaticMeshCollectionActor_503.StaticMeshActor_SMC_934:ReplacementPrimitive]
[16866.04] Log: WARNING: [guid level name:OW_A6_Static_FAR] Guid 000129D8000000000000000000000000 isn't loaded yet for cross level reference [StaticMeshComponent Under_B4_OW_ALOD_A7.TheWorld:PersistentLevel.StaticMeshCollectionActor_503.StaticMeshActor_SMC_980:ReplacementPrimitive]
[16866.50] Log: WARNING: [guid level name:OW_A6_Static_FAR] Guid 0001295B000000000000000000000000 isn't loaded yet for cross level reference [StaticMeshComponent Under_B4_OW_ALOD_A9.TheWorld:PersistentLevel.StaticMeshCollectionActor_855.StaticMeshActor_SMC_0:ReplacementPrimitive]
[16866.50] Log: WARNING: [guid level name:OW_A6_Static_FAR] Guid 0001295B000000000000000000000000 isn't loaded yet for cross level reference [StaticMeshComponent Under_B4_OW_ALOD_A9.TheWorld:PersistentLevel.StaticMeshCollectionActor_855.StaticMeshActor_SMC_1:ReplacementPrimitive]
[16866.50] Log: WARNING: [guid level name:OW_A6_Static_FAR] Guid 0001295B000000000000000000000000 isn't loaded yet for cross level reference [StaticMeshComponent Under_B4_OW_ALOD_A9.TheWorld:PersistentLevel.StaticMeshCollectionActor_855.StaticMeshActor_SMC_1026:ReplacementPrimitive]
[16866.50] Log: WARNING: [guid level name:OW_A6_Static_FAR] Guid 0001295B000000000000000000000000 isn't loaded yet for cross level reference [StaticMeshComponent Under_B4_OW_ALOD_A9.TheWorld:PersistentLevel.StaticMeshCollectionActor_855.StaticMeshActor_SMC_111:ReplacementPrimitive]
[16866.50] Log: WARNING: [guid level name:OW_A6_Static_FAR] Guid 0001295B000000000000000000000000 isn't loaded yet for cross level reference [StaticMeshComponent Under_B4_OW_ALOD_A9.TheWorld:PersistentLevel.StaticMeshCollectionActor_855.StaticMeshActor_SMC_13:ReplacementPrimitive]
[16866.50] Log: WARNING: [guid level name:OW_A6_Static_FAR] Guid 0001295B000000000000000000000000 isn't loaded yet for cross level reference [StaticMeshComponent Under_B4_OW_ALOD_A9.TheWorld:PersistentLevel.StaticMeshCollectionActor_855.StaticMeshActor_SMC_147:ReplacementPrimitive]
[16866.50] Log: WARNING: [guid level name:OW_A6_Static_FAR] Guid 0001295B000000000000000000000000 isn't loaded yet for cross level reference [StaticMeshComponent Under_B4_OW_ALOD_A9.TheWorld:PersistentLevel.StaticMeshCollectionActor_855.StaticMeshActor_SMC_176:ReplacementPrimitive]
[16866.50] Log: WARNING: [guid level name:OW_A6_Static_FAR] Guid 0001295B000000000000000000000000 isn't loaded yet for cross level reference [StaticMeshComponent Under_B4_OW_ALOD_A9.TheWorld:PersistentLevel.StaticMeshCollectionActor_855.StaticMeshActor_SMC_2:ReplacementPrimitive]
[16866.50] Log: WARNING: [guid level name:OW_A6_Static_FAR] Guid 0001295B000000000000000000000000 isn't loaded yet for cross level reference [StaticMeshComponent Under_B4_OW_ALOD_A9.TheWorld:PersistentLevel.StaticMeshCollectionActor_855.StaticMeshActor_SMC_215:ReplacementPrimitive]
[16866.50] Log: WARNING: [guid level name:OW_A6_Static_FAR] Guid 0001295B000000000000000000000000 isn't loaded yet for cross level reference [StaticMeshComponent Under_B4_OW_ALOD_A9.TheWorld:PersistentLevel.StaticMeshCollectionActor_855.StaticMeshActor_SMC_49:ReplacementPrimitive]
[16866.50] Log: WARNING: [guid level name:OW_A6_Static_FAR] Guid 0001295B000000000000000000000000 isn't loaded yet for cross level reference [StaticMeshComponent Under_B4_OW_ALOD_A9.TheWorld:PersistentLevel.StaticMeshCollectionActor_855.StaticMeshActor_SMC_54:ReplacementPrimitive]
[16866.50] Log: WARNING: [guid level name:OW_A6_Static_FAR] Guid 0001295B000000000000000000000000 isn't loaded yet for cross level reference [StaticMeshComponent Under_B4_OW_ALOD_A9.TheWorld:PersistentLevel.StaticMeshCollectionActor_855.StaticMeshActor_SMC_55:ReplacementPrimitive]
[16866.50] Log: WARNING: [guid level name:OW_A6_Static_FAR] Guid 0001295B000000000000000000000000 isn't loaded yet for cross level reference [StaticMeshComponent Under_B4_OW_ALOD_A9.TheWorld:PersistentLevel.StaticMeshCollectionActor_855.StaticMeshActor_SMC_68:ReplacementPrimitive]
[16866.50] Log: WARNING: [guid level name:OW_A6_Static_FAR] Guid 0001295B000000000000000000000000 isn't loaded yet for cross level reference [StaticMeshComponent Under_B4_OW_ALOD_A9.TheWorld:PersistentLevel.StaticMeshCollectionActor_855.StaticMeshActor_SMC_69:ReplacementPrimitive]
[16866.50] Log: WARNING: [guid level name:OW_A6_Static_FAR] Guid 0001295B000000000000000000000000 isn't loaded yet for cross level reference [StaticMeshComponent Under_B4_OW_ALOD_A9.TheWorld:PersistentLevel.StaticMeshCollectionActor_855.StaticMeshActor_SMC_70:ReplacementPrimitive]
[16866.50] Log: WARNING: [guid level name:OW_A6_Static_FAR] Guid 0001295B000000000000000000000000 isn't loaded yet for cross level reference [StaticMeshComponent Under_B4_OW_ALOD_A9.TheWorld:PersistentLevel.StaticMeshCollectionActor_855.StaticMeshActor_SMC_71:ReplacementPrimitive]
[16866.50] Log: WARNING: [guid level name:OW_A6_Static_FAR] Guid 0001295B000000000000000000000000 isn't loaded yet for cross level reference [StaticMeshComponent Under_B4_OW_ALOD_A9.TheWorld:PersistentLevel.StaticMeshCollectionActor_855.StaticMeshActor_SMC_715:ReplacementPrimitive]
[16866.50] Log: WARNING: [guid level name:OW_A6_Static_FAR] Guid 0001295B000000000000000000000000 isn't loaded yet for cross level reference [StaticMeshComponent Under_B4_OW_ALOD_A9.TheWorld:PersistentLevel.StaticMeshCollectionActor_855.StaticMeshActor_SMC_934:ReplacementPrimitive]
[16866.50] Log: WARNING: [guid level name:OW_A6_Static_FAR] Guid 0001295B000000000000000000000000 isn't loaded yet for cross level reference [StaticMeshComponent Under_B4_OW_ALOD_A9.TheWorld:PersistentLevel.StaticMeshCollectionActor_856.StaticMeshActor_SMC_289:ReplacementPrimitive]
[20834.93] DevMemory: Virtual  memory allocation size: 242.10 MByte (253863944 Bytes)
[20834.93] DevMemory: Physical memory allocation size: 364.32 MByte (382013440 Bytes)
[20839.94] Log: Closing by request
[20843.06] Log: Log file closed, 03/30/20 12:12:56
